Using pre-set license
Built from '2021.2/staging' branch; Version is '2021.2.0b16 (edbc0738c91b) revision 15580167'; Using compiler version '192829333'; Build Type 'Release'
OS: 'Windows 10 Pro; OS build 19042.1288; Version 2009; 64bit' Language: 'ru' Physical Memory: 32698 MB
BatchMode: 1, IsHumanControllingUs: 0, StartBugReporterOnCrash: 0, Is64bit: 1, IsPro: 0

COMMAND LINE ARGUMENTS:
C:\Users\GolubevVlad\Desktop\Projects\2021.2.0b16\Editor\Unity.exe
-adb2
-batchMode
-noUpm
-name
AssetImportWorker1
-projectPath
C:/Users/GolubevVlad/Desktop/Projects/Roguelike Preview
-logFile
Logs/AssetImportWorker1.log
-srvPort
52768
Successfully changed project path to: C:/Users/GolubevVlad/Desktop/Projects/Roguelike Preview
C:/Users/GolubevVlad/Desktop/Projects/Roguelike Preview
[UnityMemory] Configuration Parameters - Can be set up in boot.config
    "memorysetup-bucket-allocator-granularity=16"
    "memorysetup-bucket-allocator-bucket-count=8"
    "memorysetup-bucket-allocator-block-size=33554432"
    "memorysetup-bucket-allocator-block-count=8"
    "memorysetup-main-allocator-block-size=16777216"
    "memorysetup-thread-allocator-block-size=16777216"
    "memorysetup-gfx-main-allocator-block-size=16777216"
    "memorysetup-gfx-thread-allocator-block-size=16777216"
    "memorysetup-cache-allocator-block-size=4194304"
    "memorysetup-typetree-allocator-block-size=2097152"
    "memorysetup-profiler-bucket-allocator-granularity=16"
    "memorysetup-profiler-bucket-allocator-bucket-count=8"
    "memorysetup-profiler-bucket-allocator-block-size=33554432"
    "memorysetup-profiler-bucket-allocator-block-count=8"
    "memorysetup-profiler-allocator-block-size=16777216"
    "memorysetup-profiler-editor-allocator-block-size=1048576"
    "memorysetup-temp-allocator-size-main=16777216"
    "memorysetup-job-temp-allocator-block-size=2097152"
    "memorysetup-job-temp-allocator-block-size-background=1048576"
    "memorysetup-job-temp-allocator-reduction-small-platforms=262144"
    "memorysetup-temp-allocator-size-background-worker=32768"
    "memorysetup-temp-allocator-size-job-worker=262144"
    "memorysetup-temp-allocator-size-preload-manager=33554432"
    "memorysetup-temp-allocator-size-nav-mesh-worker=65536"
    "memorysetup-temp-allocator-size-audio-worker=65536"
    "memorysetup-temp-allocator-size-cloud-worker=32768"
    "memorysetup-temp-allocator-size-gi-baking-worker=262144"
    "memorysetup-temp-allocator-size-gfx=262144"
Refreshing native plugins compatible for Editor in 163.97 ms, found 3 plugins.
Preloading 0 native plugins for Editor in 0.00 ms.
Initialize engine version: 2021.2.0b16 (edbc0738c91b)
[Subsystems] Discovering subsystems at path C:/Users/GolubevVlad/Desktop/Projects/2021.2.0b16/Editor/Data/Resources/UnitySubsystems
[Subsystems] Discovering subsystems at path C:/Users/GolubevVlad/Desktop/Projects/Roguelike Preview/Assets
GfxDevice: creating device client; threaded=0; jobified=0
Direct3D:
    Version:  Direct3D 11.0 [level 11.1]
    Renderer: NVIDIA GeForce RTX 2060 SUPER (ID=0x1f06)
    Vendor:   NVIDIA
    VRAM:     8031 MB
    Driver:   30.0.14.9613
Initialize mono
Mono path[0] = 'C:/Users/GolubevVlad/Desktop/Projects/2021.2.0b16/Editor/Data/Managed'
Mono path[1] = 'C:/Users/GolubevVlad/Desktop/Projects/2021.2.0b16/Editor/Data/MonoBleedingEdge/lib/mono/unityjit-win32'
Mono config path = 'C:/Users/GolubevVlad/Desktop/Projects/2021.2.0b16/Editor/Data/MonoBleedingEdge/etc'
Using monoOptions --debugger-agent=transport=dt_socket,embedding=1,server=y,suspend=n,address=127.0.0.1:56148
Begin MonoManager ReloadAssembly
Registering precompiled unity dll's ...
Register platform support module: C:/Users/GolubevVlad/Desktop/Projects/2021.2.0b16/Editor/Data/PlaybackEngines/WindowsStandaloneSupport/UnityEditor.WindowsStandalone.Extensions.dll
Registered in 0.013525 seconds.
Native extension for WindowsStandalone target not found
Refreshing native plugins compatible for Editor in 146.86 ms, found 3 plugins.
Preloading 0 native plugins for Editor in 0.00 ms.
Mono: successfully reloaded assembly
- Completed reload, in  1.406 seconds
Domain Reload Profiling:
	ReloadAssembly (1406ms)
		BeginReloadAssembly (97ms)
			ExecutionOrderSort (0ms)
			DisableScriptedObjects (0ms)
			BackupInstance (0ms)
			ReleaseScriptingObjects (0ms)
			CreateAndSetChildDomain (1ms)
		EndReloadAssembly (585ms)
			LoadAssemblies (92ms)
			RebuildTransferFunctionScriptingTraits (0ms)
			SetupTypeCache (119ms)
			ReleaseScriptCaches (0ms)
			RebuildScriptCaches (29ms)
			SetupLoadedEditorAssemblies (371ms)
				LogAssemblyErrors (0ms)
				InitializePlatformSupportModulesInManaged (9ms)
				SetLoadedEditorAssemblies (0ms)
				RefreshPlugins (147ms)
				BeforeProcessingInitializeOnLoad (2ms)
				ProcessInitializeOnLoadAttributes (157ms)
				ProcessInitializeOnLoadMethodAttributes (57ms)
				AfterProcessingInitializeOnLoad (0ms)
				EditorAssembliesLoaded (0ms)
			ExecutionOrderSort2 (0ms)
			AwakeInstancesAfterBackupRestoration (0ms)
Platform modules already initialized, skipping
Registering precompiled user dll's ...
Registered in 0.013724 seconds.
Begin MonoManager ReloadAssembly
Symbol file LoadedFromMemory doesn't match image C:\Users\GolubevVlad\Desktop\Projects\Roguelike Preview\Library\PackageCache\com.unity.visualscripting@1.7.2\Editor\VisualScripting.Core\Dependencies\YamlDotNet\Unity.VisualScripting.YamlDotNet.dll
Symbol file LoadedFromMemory doesn't match image C:\Users\GolubevVlad\Desktop\Projects\Roguelike Preview\Library\PackageCache\com.unity.visualscripting@1.7.2\Editor\VisualScripting.Core\Dependencies\DotNetZip\Unity.VisualScripting.IonicZip.dll
Native extension for WindowsStandalone target not found
Refreshing native plugins compatible for Editor in 175.97 ms, found 3 plugins.
Preloading 0 native plugins for Editor in 0.00 ms.
Mono: successfully reloaded assembly
- Completed reload, in  2.502 seconds
Domain Reload Profiling:
	ReloadAssembly (2503ms)
		BeginReloadAssembly (209ms)
			ExecutionOrderSort (0ms)
			DisableScriptedObjects (7ms)
			BackupInstance (0ms)
			ReleaseScriptingObjects (0ms)
			CreateAndSetChildDomain (25ms)
		EndReloadAssembly (2153ms)
			LoadAssemblies (113ms)
			RebuildTransferFunctionScriptingTraits (0ms)
			SetupTypeCache (353ms)
			ReleaseScriptCaches (1ms)
			RebuildScriptCaches (76ms)
			SetupLoadedEditorAssemblies (1492ms)
				LogAssemblyErrors (0ms)
				InitializePlatformSupportModulesInManaged (15ms)
				SetLoadedEditorAssemblies (0ms)
				RefreshPlugins (176ms)
				BeforeProcessingInitializeOnLoad (143ms)
				ProcessInitializeOnLoadAttributes (1051ms)
				ProcessInitializeOnLoadMethodAttributes (92ms)
				AfterProcessingInitializeOnLoad (15ms)
				EditorAssembliesLoaded (0ms)
			ExecutionOrderSort2 (0ms)
			AwakeInstancesAfterBackupRestoration (8ms)
Platform modules already initialized, skipping
========================================================================
Worker process is ready to serve import requests
Launched and connected shader compiler UnityShaderCompiler.exe after 0.05 seconds
Refreshing native plugins compatible for Editor in 1.26 ms, found 3 plugins.
Preloading 0 native plugins for Editor in 0.00 ms.
Unloading 5500 Unused Serialized files (Serialized files now loaded: 0)
Unloading 49 unused Assets / (0.7 MB). Loaded Objects now: 5973.
Memory consumption went from 240.8 MB to 240.0 MB.
Total: 7.718600 ms (FindLiveObjects: 0.702000 ms CreateObjectMapping: 0.337700 ms MarkObjects: 4.709800 ms  DeleteObjects: 1.967500 ms)

AssetImportParameters requested are different than current active one (requested -> active):
  custom:video-decoder-ogg-theora: a1e56fd34408186e4bbccfd4996cb3dc -> 
  custom:container-muxer-webm: aa71ff27fc2769a1b78a27578f13a17b -> 
  custom:container-demuxer-webm: 4f35f7cbe854078d1ac9338744f61a02 -> 
  custom:video-encoder-webm-vp8: eb34c28f22e8b96e1ab97ce403110664 -> 
  custom:video-codec-MediaFoundation-h265: 746d11721c4dcdbdad8f713fa42b33f4 -> 
  custom:audio-encoder-webm-vorbis: bf7c407c2cedff20999df2af8eb42d56 -> 
  custom:framework-win-MediaFoundation: 216162199b28c13a410421893ffa2e32 -> 
  custom:SearchIndexIgnoredProperties: e643bd26f0fe6173181afceb89e7c659 -> 
  custom:container-demuxer-ogg: 62fdf1f143b41e24485cea50d1cbac27 -> 
  custom:video-decoder-webm-vp8: 9c59270c3fd7afecdb556c50c9e8de78 -> 
  custom:audio-decoder-ogg-vorbis: bf7c407c2cedff20999df2af8eb42d56 -> 
========================================================================
Received Prepare
Registering precompiled user dll's ...
Registered in 0.012694 seconds.
Begin MonoManager ReloadAssembly
Symbol file LoadedFromMemory doesn't match image C:\Users\GolubevVlad\Desktop\Projects\Roguelike Preview\Library\PackageCache\com.unity.visualscripting@1.7.2\Editor\VisualScripting.Core\Dependencies\YamlDotNet\Unity.VisualScripting.YamlDotNet.dll
Symbol file LoadedFromMemory doesn't match image C:\Users\GolubevVlad\Desktop\Projects\Roguelike Preview\Library\PackageCache\com.unity.visualscripting@1.7.2\Editor\VisualScripting.Core\Dependencies\DotNetZip\Unity.VisualScripting.IonicZip.dll
Native extension for WindowsStandalone target not found
Refreshing native plugins compatible for Editor in 1.24 ms, found 3 plugins.
Preloading 0 native plugins for Editor in 0.00 ms.
Mono: successfully reloaded assembly
- Completed reload, in  1.659 seconds
Domain Reload Profiling:
	ReloadAssembly (1660ms)
		BeginReloadAssembly (184ms)
			ExecutionOrderSort (0ms)
			DisableScriptedObjects (6ms)
			BackupInstance (0ms)
			ReleaseScriptingObjects (0ms)
			CreateAndSetChildDomain (48ms)
		EndReloadAssembly (1346ms)
			LoadAssemblies (115ms)
			RebuildTransferFunctionScriptingTraits (0ms)
			SetupTypeCache (311ms)
			ReleaseScriptCaches (2ms)
			RebuildScriptCaches (56ms)
			SetupLoadedEditorAssemblies (728ms)
				LogAssemblyErrors (0ms)
				InitializePlatformSupportModulesInManaged (16ms)
				SetLoadedEditorAssemblies (0ms)
				RefreshPlugins (1ms)
				BeforeProcessingInitializeOnLoad (115ms)
				ProcessInitializeOnLoadAttributes (490ms)
				ProcessInitializeOnLoadMethodAttributes (90ms)
				AfterProcessingInitializeOnLoad (15ms)
				EditorAssembliesLoaded (0ms)
			ExecutionOrderSort2 (0ms)
			AwakeInstancesAfterBackupRestoration (15ms)
Platform modules already initialized, skipping
Refreshing native plugins compatible for Editor in 1.65 ms, found 3 plugins.
Preloading 0 native plugins for Editor in 0.00 ms.
Unloading 5360 Unused Serialized files (Serialized files now loaded: 0)
Unloading 30 unused Assets / (0.7 MB). Loaded Objects now: 5989.
Memory consumption went from 233.5 MB to 232.8 MB.
Total: 5.683600 ms (FindLiveObjects: 0.588000 ms CreateObjectMapping: 0.174500 ms MarkObjects: 4.520200 ms  DeleteObjects: 0.399500 ms)

AssetImportParameters requested are different than current active one (requested -> active):
  custom:video-decoder-ogg-theora: a1e56fd34408186e4bbccfd4996cb3dc -> 
  custom:container-muxer-webm: aa71ff27fc2769a1b78a27578f13a17b -> 
  custom:container-demuxer-webm: 4f35f7cbe854078d1ac9338744f61a02 -> 
  custom:video-encoder-webm-vp8: eb34c28f22e8b96e1ab97ce403110664 -> 
  custom:video-codec-MediaFoundation-h265: 746d11721c4dcdbdad8f713fa42b33f4 -> 
  custom:audio-encoder-webm-vorbis: bf7c407c2cedff20999df2af8eb42d56 -> 
  custom:framework-win-MediaFoundation: 216162199b28c13a410421893ffa2e32 -> 
  custom:SearchIndexIgnoredProperties: e643bd26f0fe6173181afceb89e7c659 -> 
  custom:container-demuxer-ogg: 62fdf1f143b41e24485cea50d1cbac27 -> 
  custom:video-decoder-webm-vp8: 9c59270c3fd7afecdb556c50c9e8de78 -> 
  custom:audio-decoder-ogg-vorbis: bf7c407c2cedff20999df2af8eb42d56 -> 
========================================================================
Received Import Request.
  Time since last request: 15135.003150 seconds.
  path: Assets/Scripts/SimpleCameraController.cs
  artifactKey: Guid(be76e5f14cfee674cb30b491fb72b09b) Importer(815301076,1909f56bfc062723c751e8b465ee728b)
Start importing Assets/Scripts/SimpleCameraController.cs using Guid(be76e5f14cfee674cb30b491fb72b09b) Importer(815301076,1909f56bfc062723c751e8b465ee728b)  -> (artifact id: 'f4aa61b1fcd5f7002948c0459bc45fe2') in 0.034873 seconds 
========================================================================
Received Prepare
Registering precompiled user dll's ...
Registered in 0.012593 seconds.
Begin MonoManager ReloadAssembly
Symbol file LoadedFromMemory doesn't match image C:\Users\GolubevVlad\Desktop\Projects\Roguelike Preview\Library\PackageCache\com.unity.visualscripting@1.7.2\Editor\VisualScripting.Core\Dependencies\YamlDotNet\Unity.VisualScripting.YamlDotNet.dll
Symbol file LoadedFromMemory doesn't match image C:\Users\GolubevVlad\Desktop\Projects\Roguelike Preview\Library\PackageCache\com.unity.visualscripting@1.7.2\Editor\VisualScripting.Core\Dependencies\DotNetZip\Unity.VisualScripting.IonicZip.dll
Native extension for WindowsStandalone target not found
Refreshing native plugins compatible for Editor in 1.26 ms, found 3 plugins.
Preloading 0 native plugins for Editor in 0.00 ms.
Mono: successfully reloaded assembly
- Completed reload, in  1.634 seconds
Domain Reload Profiling:
	ReloadAssembly (1635ms)
		BeginReloadAssembly (161ms)
			ExecutionOrderSort (0ms)
			DisableScriptedObjects (6ms)
			BackupInstance (0ms)
			ReleaseScriptingObjects (0ms)
			CreateAndSetChildDomain (43ms)
		EndReloadAssembly (1344ms)
			LoadAssemblies (111ms)
			RebuildTransferFunctionScriptingTraits (0ms)
			SetupTypeCache (311ms)
			ReleaseScriptCaches (2ms)
			RebuildScriptCaches (55ms)
			SetupLoadedEditorAssemblies (727ms)
				LogAssemblyErrors (0ms)
				InitializePlatformSupportModulesInManaged (17ms)
				SetLoadedEditorAssemblies (0ms)
				RefreshPlugins (1ms)
				BeforeProcessingInitializeOnLoad (107ms)
				ProcessInitializeOnLoadAttributes (501ms)
				ProcessInitializeOnLoadMethodAttributes (84ms)
				AfterProcessingInitializeOnLoad (16ms)
				EditorAssembliesLoaded (0ms)
			ExecutionOrderSort2 (0ms)
			AwakeInstancesAfterBackupRestoration (15ms)
Platform modules already initialized, skipping
Refreshing native plugins compatible for Editor in 1.25 ms, found 3 plugins.
Preloading 0 native plugins for Editor in 0.00 ms.
Unloading 5359 Unused Serialized files (Serialized files now loaded: 0)
Unloading 30 unused Assets / (0.7 MB). Loaded Objects now: 6004.
Memory consumption went from 233.5 MB to 232.8 MB.
Total: 5.537700 ms (FindLiveObjects: 0.669000 ms CreateObjectMapping: 0.152600 ms MarkObjects: 4.324200 ms  DeleteObjects: 0.390600 ms)

AssetImportParameters requested are different than current active one (requested -> active):
  custom:video-decoder-ogg-theora: a1e56fd34408186e4bbccfd4996cb3dc -> 
  custom:container-muxer-webm: aa71ff27fc2769a1b78a27578f13a17b -> 
  custom:container-demuxer-webm: 4f35f7cbe854078d1ac9338744f61a02 -> 
  custom:video-encoder-webm-vp8: eb34c28f22e8b96e1ab97ce403110664 -> 
  custom:video-codec-MediaFoundation-h265: 746d11721c4dcdbdad8f713fa42b33f4 -> 
  custom:audio-encoder-webm-vorbis: bf7c407c2cedff20999df2af8eb42d56 -> 
  custom:framework-win-MediaFoundation: 216162199b28c13a410421893ffa2e32 -> 
  custom:SearchIndexIgnoredProperties: e643bd26f0fe6173181afceb89e7c659 -> 
  custom:container-demuxer-ogg: 62fdf1f143b41e24485cea50d1cbac27 -> 
  custom:video-decoder-webm-vp8: 9c59270c3fd7afecdb556c50c9e8de78 -> 
  custom:audio-decoder-ogg-vorbis: bf7c407c2cedff20999df2af8eb42d56 -> 
========================================================================
Received Import Request.
  Time since last request: 11.237263 seconds.
  path: Assets/Scripts/SimpleCameraTraking.cs
  artifactKey: Guid(8ade15b8848cefe41af7dd29a772cd44) Importer(815301076,1909f56bfc062723c751e8b465ee728b)
Start importing Assets/Scripts/SimpleCameraTraking.cs using Guid(8ade15b8848cefe41af7dd29a772cd44) Importer(815301076,1909f56bfc062723c751e8b465ee728b)  -> (artifact id: '6d4a7aef0b017aa4b6baaeb14ce2b29e') in 0.010950 seconds 
========================================================================
Received Prepare
Registering precompiled user dll's ...
Registered in 0.013530 seconds.
Begin MonoManager ReloadAssembly
Symbol file LoadedFromMemory doesn't match image C:\Users\GolubevVlad\Desktop\Projects\Roguelike Preview\Library\PackageCache\com.unity.visualscripting@1.7.2\Editor\VisualScripting.Core\Dependencies\YamlDotNet\Unity.VisualScripting.YamlDotNet.dll
Symbol file LoadedFromMemory doesn't match image C:\Users\GolubevVlad\Desktop\Projects\Roguelike Preview\Library\PackageCache\com.unity.visualscripting@1.7.2\Editor\VisualScripting.Core\Dependencies\DotNetZip\Unity.VisualScripting.IonicZip.dll
Native extension for WindowsStandalone target not found
Refreshing native plugins compatible for Editor in 1.35 ms, found 3 plugins.
Preloading 0 native plugins for Editor in 0.00 ms.
Mono: successfully reloaded assembly
- Completed reload, in  1.692 seconds
Domain Reload Profiling:
	ReloadAssembly (1693ms)
		BeginReloadAssembly (168ms)
			ExecutionOrderSort (0ms)
			DisableScriptedObjects (6ms)
			BackupInstance (0ms)
			ReleaseScriptingObjects (0ms)
			CreateAndSetChildDomain (48ms)
		EndReloadAssembly (1394ms)
			LoadAssemblies (115ms)
			RebuildTransferFunctionScriptingTraits (0ms)
			SetupTypeCache (356ms)
			ReleaseScriptCaches (2ms)
			RebuildScriptCaches (68ms)
			SetupLoadedEditorAssemblies (712ms)
				LogAssemblyErrors (0ms)
				InitializePlatformSupportModulesInManaged (15ms)
				SetLoadedEditorAssemblies (0ms)
				RefreshPlugins (1ms)
				BeforeProcessingInitializeOnLoad (105ms)
				ProcessInitializeOnLoadAttributes (493ms)
				ProcessInitializeOnLoadMethodAttributes (82ms)
				AfterProcessingInitializeOnLoad (15ms)
				EditorAssembliesLoaded (0ms)
			ExecutionOrderSort2 (0ms)
			AwakeInstancesAfterBackupRestoration (15ms)
Platform modules already initialized, skipping
Refreshing native plugins compatible for Editor in 1.26 ms, found 3 plugins.
Preloading 0 native plugins for Editor in 0.00 ms.
Unloading 5358 Unused Serialized files (Serialized files now loaded: 0)
Unloading 31 unused Assets / (0.7 MB). Loaded Objects now: 6018.
Memory consumption went from 233.5 MB to 232.8 MB.
Total: 5.523200 ms (FindLiveObjects: 0.624100 ms CreateObjectMapping: 0.477800 ms MarkObjects: 3.999900 ms  DeleteObjects: 0.420400 ms)

AssetImportParameters requested are different than current active one (requested -> active):
  custom:video-decoder-ogg-theora: a1e56fd34408186e4bbccfd4996cb3dc -> 
  custom:container-muxer-webm: aa71ff27fc2769a1b78a27578f13a17b -> 
  custom:container-demuxer-webm: 4f35f7cbe854078d1ac9338744f61a02 -> 
  custom:video-encoder-webm-vp8: eb34c28f22e8b96e1ab97ce403110664 -> 
  custom:video-codec-MediaFoundation-h265: 746d11721c4dcdbdad8f713fa42b33f4 -> 
  custom:audio-encoder-webm-vorbis: bf7c407c2cedff20999df2af8eb42d56 -> 
  custom:framework-win-MediaFoundation: 216162199b28c13a410421893ffa2e32 -> 
  custom:SearchIndexIgnoredProperties: e643bd26f0fe6173181afceb89e7c659 -> 
  custom:container-demuxer-ogg: 62fdf1f143b41e24485cea50d1cbac27 -> 
  custom:video-decoder-webm-vp8: 9c59270c3fd7afecdb556c50c9e8de78 -> 
  custom:audio-decoder-ogg-vorbis: bf7c407c2cedff20999df2af8eb42d56 -> 
========================================================================
Received Import Request.
  Time since last request: 28.446338 seconds.
  path: Assets/Scripts/SO/EnemyGroup.cs
  artifactKey: Guid(3db3005fc0bc5c5428de2be94d90685e) Importer(815301076,1909f56bfc062723c751e8b465ee728b)
Start importing Assets/Scripts/SO/EnemyGroup.cs using Guid(3db3005fc0bc5c5428de2be94d90685e) Importer(815301076,1909f56bfc062723c751e8b465ee728b)  -> (artifact id: '61c82b7f31ef43e0f6fa99587cca0dff') in 0.012939 seconds 
========================================================================
Received Prepare
Registering precompiled user dll's ...
Registered in 0.013293 seconds.
Begin MonoManager ReloadAssembly
Symbol file LoadedFromMemory doesn't match image C:\Users\GolubevVlad\Desktop\Projects\Roguelike Preview\Library\PackageCache\com.unity.visualscripting@1.7.2\Editor\VisualScripting.Core\Dependencies\YamlDotNet\Unity.VisualScripting.YamlDotNet.dll
Symbol file LoadedFromMemory doesn't match image C:\Users\GolubevVlad\Desktop\Projects\Roguelike Preview\Library\PackageCache\com.unity.visualscripting@1.7.2\Editor\VisualScripting.Core\Dependencies\DotNetZip\Unity.VisualScripting.IonicZip.dll
Native extension for WindowsStandalone target not found
Refreshing native plugins compatible for Editor in 1.26 ms, found 3 plugins.
Preloading 0 native plugins for Editor in 0.00 ms.
Mono: successfully reloaded assembly
- Completed reload, in  1.922 seconds
Domain Reload Profiling:
	ReloadAssembly (1923ms)
		BeginReloadAssembly (167ms)
			ExecutionOrderSort (0ms)
			DisableScriptedObjects (6ms)
			BackupInstance (0ms)
			ReleaseScriptingObjects (0ms)
			CreateAndSetChildDomain (42ms)
		EndReloadAssembly (1622ms)
			LoadAssemblies (118ms)
			RebuildTransferFunctionScriptingTraits (0ms)
			SetupTypeCache (342ms)
			ReleaseScriptCaches (2ms)
			RebuildScriptCaches (65ms)
			SetupLoadedEditorAssemblies (834ms)
				LogAssemblyErrors (0ms)
				InitializePlatformSupportModulesInManaged (16ms)
				SetLoadedEditorAssemblies (0ms)
				RefreshPlugins (1ms)
				BeforeProcessingInitializeOnLoad (108ms)
				ProcessInitializeOnLoadAttributes (598ms)
				ProcessInitializeOnLoadMethodAttributes (93ms)
				AfterProcessingInitializeOnLoad (17ms)
				EditorAssembliesLoaded (0ms)
			ExecutionOrderSort2 (0ms)
			AwakeInstancesAfterBackupRestoration (20ms)
Platform modules already initialized, skipping
Refreshing native plugins compatible for Editor in 1.80 ms, found 3 plugins.
Preloading 0 native plugins for Editor in 0.00 ms.
Unloading 5358 Unused Serialized files (Serialized files now loaded: 0)
Unloading 30 unused Assets / (0.7 MB). Loaded Objects now: 6033.
Memory consumption went from 233.5 MB to 232.8 MB.
Total: 5.788600 ms (FindLiveObjects: 0.710800 ms CreateObjectMapping: 0.242700 ms MarkObjects: 4.347100 ms  DeleteObjects: 0.486600 ms)

AssetImportParameters requested are different than current active one (requested -> active):
  custom:video-decoder-ogg-theora: a1e56fd34408186e4bbccfd4996cb3dc -> 
  custom:container-muxer-webm: aa71ff27fc2769a1b78a27578f13a17b -> 
  custom:container-demuxer-webm: 4f35f7cbe854078d1ac9338744f61a02 -> 
  custom:video-encoder-webm-vp8: eb34c28f22e8b96e1ab97ce403110664 -> 
  custom:video-codec-MediaFoundation-h265: 746d11721c4dcdbdad8f713fa42b33f4 -> 
  custom:audio-encoder-webm-vorbis: bf7c407c2cedff20999df2af8eb42d56 -> 
  custom:framework-win-MediaFoundation: 216162199b28c13a410421893ffa2e32 -> 
  custom:SearchIndexIgnoredProperties: e643bd26f0fe6173181afceb89e7c659 -> 
  custom:container-demuxer-ogg: 62fdf1f143b41e24485cea50d1cbac27 -> 
  custom:video-decoder-webm-vp8: 9c59270c3fd7afecdb556c50c9e8de78 -> 
  custom:audio-decoder-ogg-vorbis: bf7c407c2cedff20999df2af8eb42d56 -> 
========================================================================
Received Import Request.
  Time since last request: 62.087092 seconds.
  path: Assets/Scripts/ScriptableObject
  artifactKey: Guid(3a93a44ac3c041942be9f29ea7513a86) Importer(815301076,1909f56bfc062723c751e8b465ee728b)
Start importing Assets/Scripts/ScriptableObject using Guid(3a93a44ac3c041942be9f29ea7513a86) Importer(815301076,1909f56bfc062723c751e8b465ee728b)  -> (artifact id: '3ebd912653b5a53bbecfc7b513581e34') in 0.012712 seconds 
========================================================================
Received Prepare
Registering precompiled user dll's ...
Registered in 0.013363 seconds.
Begin MonoManager ReloadAssembly
Symbol file LoadedFromMemory doesn't match image C:\Users\GolubevVlad\Desktop\Projects\Roguelike Preview\Library\PackageCache\com.unity.visualscripting@1.7.2\Editor\VisualScripting.Core\Dependencies\YamlDotNet\Unity.VisualScripting.YamlDotNet.dll
Symbol file LoadedFromMemory doesn't match image C:\Users\GolubevVlad\Desktop\Projects\Roguelike Preview\Library\PackageCache\com.unity.visualscripting@1.7.2\Editor\VisualScripting.Core\Dependencies\DotNetZip\Unity.VisualScripting.IonicZip.dll
Native extension for WindowsStandalone target not found
Refreshing native plugins compatible for Editor in 1.27 ms, found 3 plugins.
Preloading 0 native plugins for Editor in 0.00 ms.
Mono: successfully reloaded assembly
- Completed reload, in  1.650 seconds
Domain Reload Profiling:
	ReloadAssembly (1651ms)
		BeginReloadAssembly (162ms)
			ExecutionOrderSort (0ms)
			DisableScriptedObjects (6ms)
			BackupInstance (0ms)
			ReleaseScriptingObjects (0ms)
			CreateAndSetChildDomain (41ms)
		EndReloadAssembly (1357ms)
			LoadAssemblies (114ms)
			RebuildTransferFunctionScriptingTraits (0ms)
			SetupTypeCache (317ms)
			ReleaseScriptCaches (2ms)
			RebuildScriptCaches (58ms)
			SetupLoadedEditorAssemblies (724ms)
				LogAssemblyErrors (0ms)
				InitializePlatformSupportModulesInManaged (15ms)
				SetLoadedEditorAssemblies (0ms)
				RefreshPlugins (1ms)
				BeforeProcessingInitializeOnLoad (104ms)
				ProcessInitializeOnLoadAttributes (507ms)
				ProcessInitializeOnLoadMethodAttributes (80ms)
				AfterProcessingInitializeOnLoad (15ms)
				EditorAssembliesLoaded (0ms)
			ExecutionOrderSort2 (0ms)
			AwakeInstancesAfterBackupRestoration (18ms)
Platform modules already initialized, skipping
Refreshing native plugins compatible for Editor in 1.71 ms, found 3 plugins.
Preloading 0 native plugins for Editor in 0.00 ms.
Unloading 5358 Unused Serialized files (Serialized files now loaded: 0)
Unloading 30 unused Assets / (0.7 MB). Loaded Objects now: 6048.
Memory consumption went from 233.3 MB to 232.6 MB.
Total: 5.228900 ms (FindLiveObjects: 0.555400 ms CreateObjectMapping: 0.152900 ms MarkObjects: 4.099000 ms  DeleteObjects: 0.420500 ms)

AssetImportParameters requested are different than current active one (requested -> active):
  custom:video-decoder-ogg-theora: a1e56fd34408186e4bbccfd4996cb3dc -> 
  custom:container-muxer-webm: aa71ff27fc2769a1b78a27578f13a17b -> 
  custom:container-demuxer-webm: 4f35f7cbe854078d1ac9338744f61a02 -> 
  custom:video-encoder-webm-vp8: eb34c28f22e8b96e1ab97ce403110664 -> 
  custom:video-codec-MediaFoundation-h265: 746d11721c4dcdbdad8f713fa42b33f4 -> 
  custom:audio-encoder-webm-vorbis: bf7c407c2cedff20999df2af8eb42d56 -> 
  custom:framework-win-MediaFoundation: 216162199b28c13a410421893ffa2e32 -> 
  custom:SearchIndexIgnoredProperties: e643bd26f0fe6173181afceb89e7c659 -> 
  custom:container-demuxer-ogg: 62fdf1f143b41e24485cea50d1cbac27 -> 
  custom:video-decoder-webm-vp8: 9c59270c3fd7afecdb556c50c9e8de78 -> 
  custom:audio-decoder-ogg-vorbis: bf7c407c2cedff20999df2af8eb42d56 -> 
========================================================================
Received Import Request.
  Time since last request: 46.220820 seconds.
  path: Assets/Scenes/Loop.unity
  artifactKey: Guid(984335aeff6bffc40b944927c985127e) Importer(815301076,1909f56bfc062723c751e8b465ee728b)
Start importing Assets/Scenes/Loop.unity using Guid(984335aeff6bffc40b944927c985127e) Importer(815301076,1909f56bfc062723c751e8b465ee728b)  -> (artifact id: '7edf773b3daff829ac2b8d208073e94f') in 0.018681 seconds 
========================================================================
Received Import Request.
  Time since last request: 5.621914 seconds.
  path: Assets/Scenes/FirstRun.unity
  artifactKey: Guid(e515e6937e6d3a042995656518942647) Importer(815301076,1909f56bfc062723c751e8b465ee728b)
Start importing Assets/Scenes/FirstRun.unity using Guid(e515e6937e6d3a042995656518942647) Importer(815301076,1909f56bfc062723c751e8b465ee728b)  -> (artifact id: 'a49b616569bf516003c65d6eb29c50be') in 0.002977 seconds 
========================================================================
Received Import Request.
  Time since last request: 16.596034 seconds.
  path: Assets/Resources/Archer.prefab
  artifactKey: Guid(a9aa1181dbc614343b272c7945caa022) Importer(815301076,1909f56bfc062723c751e8b465ee728b)
Start importing Assets/Resources/Archer.prefab using Guid(a9aa1181dbc614343b272c7945caa022) Importer(815301076,1909f56bfc062723c751e8b465ee728b)  -> (artifact id: '603bd5d1d0ddbab281be693712a926e6') in 0.334129 seconds 
========================================================================
Received Import Request.
  Time since last request: 0.000034 seconds.
  path: Assets/Resources/PlayerModelsAsset.asset
  artifactKey: Guid(8e04ae60394f92e4aa667f674c6efae7) Importer(815301076,1909f56bfc062723c751e8b465ee728b)
Start importing Assets/Resources/PlayerModelsAsset.asset using Guid(8e04ae60394f92e4aa667f674c6efae7) Importer(815301076,1909f56bfc062723c751e8b465ee728b)  -> (artifact id: '81c2da06092ab1dd97eca9b3898cc13c') in 0.005508 seconds 
========================================================================
Received Import Request.
  Time since last request: 0.000041 seconds.
  path: Assets/Resources/player.prefab
  artifactKey: Guid(f124f177eaaba4f498702bdf3ba43c09) Importer(815301076,1909f56bfc062723c751e8b465ee728b)
Start importing Assets/Resources/player.prefab using Guid(f124f177eaaba4f498702bdf3ba43c09) Importer(815301076,1909f56bfc062723c751e8b465ee728b)  -> (artifact id: '138bbb2245a587aebd3cda9bb812449b') in 0.126751 seconds 
========================================================================
Received Import Request.
  Time since last request: 0.000038 seconds.
  path: Assets/Resources/Sword01.prefab
  artifactKey: Guid(f93646976bd7e644b88904407a03a345) Importer(815301076,1909f56bfc062723c751e8b465ee728b)
Start importing Assets/Resources/Sword01.prefab using Guid(f93646976bd7e644b88904407a03a345) Importer(815301076,1909f56bfc062723c751e8b465ee728b)  -> (artifact id: '33a170a7dfc0d27901ce8750d63fd203') in 0.018100 seconds 
========================================================================
Received Import Request.
  Time since last request: 0.000031 seconds.
  path: Assets/Resources/Warior.prefab
  artifactKey: Guid(1cb67aa84745f4e46954d8e70c03f84f) Importer(815301076,1909f56bfc062723c751e8b465ee728b)
Start importing Assets/Resources/Warior.prefab using Guid(1cb67aa84745f4e46954d8e70c03f84f) Importer(815301076,1909f56bfc062723c751e8b465ee728b)  -> (artifact id: '074eace014485a9c4c1cbb3549f541f2') in 0.040592 seconds 
========================================================================
Received Import Request.
  Time since last request: 2.241605 seconds.
  path: Assets/Resources/Others
  artifactKey: Guid(013335f7f02293c449332a368f67bc37) Importer(815301076,1909f56bfc062723c751e8b465ee728b)
Start importing Assets/Resources/Others using Guid(013335f7f02293c449332a368f67bc37) Importer(815301076,1909f56bfc062723c751e8b465ee728b)  -> (artifact id: '01fe7a7ded8e971d8021336ed1753d9d') in 0.002946 seconds 
========================================================================
Received Import Request.
  Time since last request: 0.024028 seconds.
  path: Assets/Resources/Others/Tee.prefab
  artifactKey: Guid(044aaaa9991a2e94b8ec1cd92012ad5e) Importer(815301076,1909f56bfc062723c751e8b465ee728b)
Start importing Assets/Resources/Others/Tee.prefab using Guid(044aaaa9991a2e94b8ec1cd92012ad5e) Importer(815301076,1909f56bfc062723c751e8b465ee728b)  -> (artifact id: '5a9a58452a1199fdade8a41d3b883f60') in 0.014653 seconds 
========================================================================
Received Import Request.
  Time since last request: 42.237692 seconds.
  path: Assets/Resources/VFX
  artifactKey: Guid(213a51375ef1c614886472c163942c3e) Importer(815301076,1909f56bfc062723c751e8b465ee728b)
Start importing Assets/Resources/VFX using Guid(213a51375ef1c614886472c163942c3e) Importer(815301076,1909f56bfc062723c751e8b465ee728b)  -> (artifact id: '99375aff6b496a798fd2d1b61cbcccbd') in 0.002513 seconds 
========================================================================
Received Import Request.
  Time since last request: 1.563668 seconds.
  path: Assets/Resources/VFX/Lightning.prefab
  artifactKey: Guid(47292315119e98d40b9dd26d6040f68b) Importer(815301076,1909f56bfc062723c751e8b465ee728b)
Start importing Assets/Resources/VFX/Lightning.prefab using Guid(47292315119e98d40b9dd26d6040f68b) Importer(815301076,1909f56bfc062723c751e8b465ee728b)  -> (artifact id: '07839f3ad798be9738b8f97ab4cc9158') in 0.017900 seconds 
========================================================================
Received Import Request.
  Time since last request: 10.647078 seconds.
  path: Assets/Resources/UI
  artifactKey: Guid(daef6614aa80a4646821bee657d90dde) Importer(815301076,1909f56bfc062723c751e8b465ee728b)
Start importing Assets/Resources/UI using Guid(daef6614aa80a4646821bee657d90dde) Importer(815301076,1909f56bfc062723c751e8b465ee728b)  -> (artifact id: 'dd9c12677c1231491c7c939b6ba05a88') in 0.002317 seconds 
========================================================================
Received Import Request.
  Time since last request: 1.226418 seconds.
  path: Assets/Resources/UI/Loader
  artifactKey: Guid(8cb785b841147874f8ab2ab040f08cb5) Importer(815301076,1909f56bfc062723c751e8b465ee728b)
Start importing Assets/Resources/UI/Loader using Guid(8cb785b841147874f8ab2ab040f08cb5) Importer(815301076,1909f56bfc062723c751e8b465ee728b)  -> (artifact id: 'a408127a4f6398cf5a5fd51ca6cef2bc') in 0.003765 seconds 
========================================================================
Received Import Request.
  Time since last request: 0.710274 seconds.
  path: Assets/Resources/UI/Loader/Loader.controller
  artifactKey: Guid(2cd5913a1b1345448b4885ff197e9577) Importer(815301076,1909f56bfc062723c751e8b465ee728b)
Start importing Assets/Resources/UI/Loader/Loader.controller using Guid(2cd5913a1b1345448b4885ff197e9577) Importer(815301076,1909f56bfc062723c751e8b465ee728b)  -> (artifact id: '80a6220d1b22319f4ba693ea27325ca1') in 0.006887 seconds 
========================================================================
Received Import Request.
  Time since last request: 0.562198 seconds.
  path: Assets/Resources/UI/Loader/LoaderAnimation.anim
  artifactKey: Guid(d69f19246b737254c9acb39669971b17) Importer(815301076,1909f56bfc062723c751e8b465ee728b)
Start importing Assets/Resources/UI/Loader/LoaderAnimation.anim using Guid(d69f19246b737254c9acb39669971b17) Importer(815301076,1909f56bfc062723c751e8b465ee728b)  -> (artifact id: 'f946ce80c74eacef6ba6be53d6585a78') in 0.008610 seconds 
========================================================================
Received Import Request.
  Time since last request: 10.463166 seconds.
  path: Assets/Resources/Items
  artifactKey: Guid(748e4c72d00921b4ca612ebda612079d) Importer(815301076,1909f56bfc062723c751e8b465ee728b)
Start importing Assets/Resources/Items using Guid(748e4c72d00921b4ca612ebda612079d) Importer(815301076,1909f56bfc062723c751e8b465ee728b)  -> (artifact id: '3dfd006d8ccb9b7194b044e376890ed6') in 0.002596 seconds 
========================================================================
Received Import Request.
  Time since last request: 0.035018 seconds.
  path: Assets/Resources/Items/Items.asmref
  artifactKey: Guid(a3436654b270ade4eb582d307844f07f) Importer(815301076,1909f56bfc062723c751e8b465ee728b)
Start importing Assets/Resources/Items/Items.asmref using Guid(a3436654b270ade4eb582d307844f07f) Importer(815301076,1909f56bfc062723c751e8b465ee728b)  -> (artifact id: 'f68a6b39df1029a53cfab7dff9df5214') in 0.004251 seconds 
========================================================================
Received Import Request.
  Time since last request: 0.000032 seconds.
  path: Assets/Resources/Items/RuneOfThunder.prefab
  artifactKey: Guid(da05ef312b4ed1b41839421b3f63813c) Importer(815301076,1909f56bfc062723c751e8b465ee728b)
Start importing Assets/Resources/Items/RuneOfThunder.prefab using Guid(da05ef312b4ed1b41839421b3f63813c) Importer(815301076,1909f56bfc062723c751e8b465ee728b)  -> (artifact id: '20a16b5ec200421ad33d1feec1cb8b07') in 0.022381 seconds 
========================================================================
Received Import Request.
  Time since last request: 0.000032 seconds.
  path: Assets/Resources/Items/RuneOfFire.prefab
  artifactKey: Guid(42cd78dd433e17544936c21a1e592899) Importer(815301076,1909f56bfc062723c751e8b465ee728b)
Start importing Assets/Resources/Items/RuneOfFire.prefab using Guid(42cd78dd433e17544936c21a1e592899) Importer(815301076,1909f56bfc062723c751e8b465ee728b)  -> (artifact id: 'bcb8e0ead61cc0e56f247aaf5c644a78') in 0.019529 seconds 
========================================================================
Received Import Request.
  Time since last request: 1.077126 seconds.
  path: Assets/Resources/Items/ArtifactsDataBase.cs
  artifactKey: Guid(629b6d9c0e336fe42b03269d9e0b7f35) Importer(815301076,1909f56bfc062723c751e8b465ee728b)
Start importing Assets/Resources/Items/ArtifactsDataBase.cs using Guid(629b6d9c0e336fe42b03269d9e0b7f35) Importer(815301076,1909f56bfc062723c751e8b465ee728b)  -> (artifact id: 'ceee5e84ae500e646600e3a46b7697f4') in 0.002742 seconds 
========================================================================
Received Import Request.
  Time since last request: 56.352998 seconds.
  path: Assets/Scripts/DungeonGenerator
  artifactKey: Guid(f5eb2ddc05c58004091bae8189fed230) Importer(815301076,1909f56bfc062723c751e8b465ee728b)
Start importing Assets/Scripts/DungeonGenerator using Guid(f5eb2ddc05c58004091bae8189fed230) Importer(815301076,1909f56bfc062723c751e8b465ee728b)  -> (artifact id: 'eb858c4a22ab9c7553b26b1f30b7e12c') in 0.003007 seconds 
========================================================================
Received Import Request.
  Time since last request: 3.149319 seconds.
  path: Assets/Scripts/Utilites/Portal.cs
  artifactKey: Guid(e27f836a607c6694fae04644af969f29) Importer(815301076,1909f56bfc062723c751e8b465ee728b)
Start importing Assets/Scripts/Utilites/Portal.cs using Guid(e27f836a607c6694fae04644af969f29) Importer(815301076,1909f56bfc062723c751e8b465ee728b)  -> (artifact id: 'd932b7cdfc539b4b9bbc826d7fc47d44') in 0.002393 seconds 
========================================================================
Received Import Request.
  Time since last request: 0.811603 seconds.
  path: Assets/Scripts/Utilites/Pedestal.cs
  artifactKey: Guid(bc2c7c7176684034f80a1fc974668a90) Importer(815301076,1909f56bfc062723c751e8b465ee728b)
Start importing Assets/Scripts/Utilites/Pedestal.cs using Guid(bc2c7c7176684034f80a1fc974668a90) Importer(815301076,1909f56bfc062723c751e8b465ee728b)  -> (artifact id: '3f948b1e4de6459eabdc24cac4c218b9') in 0.002944 seconds 
========================================================================
Received Import Request.
  Time since last request: 52.197846 seconds.
  path: Assets/Scripts/Utilites/Pedestal.cs
  artifactKey: Guid(bc2c7c7176684034f80a1fc974668a90) Importer(815301076,1909f56bfc062723c751e8b465ee728b)
Start importing Assets/Scripts/Utilites/Pedestal.cs using Guid(bc2c7c7176684034f80a1fc974668a90) Importer(815301076,1909f56bfc062723c751e8b465ee728b)  -> (artifact id: 'b5de6c5f80b48a553debde37478748f9') in 0.002744 seconds 
========================================================================
Received Prepare
Registering precompiled user dll's ...
Registered in 0.015457 seconds.
Begin MonoManager ReloadAssembly
Symbol file LoadedFromMemory doesn't match image C:\Users\GolubevVlad\Desktop\Projects\Roguelike Preview\Library\PackageCache\com.unity.visualscripting@1.7.2\Editor\VisualScripting.Core\Dependencies\YamlDotNet\Unity.VisualScripting.YamlDotNet.dll
Symbol file LoadedFromMemory doesn't match image C:\Users\GolubevVlad\Desktop\Projects\Roguelike Preview\Library\PackageCache\com.unity.visualscripting@1.7.2\Editor\VisualScripting.Core\Dependencies\DotNetZip\Unity.VisualScripting.IonicZip.dll
Native extension for WindowsStandalone target not found
Refreshing native plugins compatible for Editor in 2.59 ms, found 3 plugins.
Preloading 0 native plugins for Editor in 0.00 ms.
Mono: successfully reloaded assembly
- Completed reload, in  2.099 seconds
Domain Reload Profiling:
	ReloadAssembly (2100ms)
		BeginReloadAssembly (205ms)
			ExecutionOrderSort (0ms)
			DisableScriptedObjects (9ms)
			BackupInstance (0ms)
			ReleaseScriptingObjects (0ms)
			CreateAndSetChildDomain (63ms)
		EndReloadAssembly (1764ms)
			LoadAssemblies (113ms)
			RebuildTransferFunctionScriptingTraits (0ms)
			SetupTypeCache (369ms)
			ReleaseScriptCaches (2ms)
			RebuildScriptCaches (73ms)
			SetupLoadedEditorAssemblies (851ms)
				LogAssemblyErrors (0ms)
				InitializePlatformSupportModulesInManaged (31ms)
				SetLoadedEditorAssemblies (1ms)
				RefreshPlugins (3ms)
				BeforeProcessingInitializeOnLoad (130ms)
				ProcessInitializeOnLoadAttributes (569ms)
				ProcessInitializeOnLoadMethodAttributes (102ms)
				AfterProcessingInitializeOnLoad (16ms)
				EditorAssembliesLoaded (0ms)
			ExecutionOrderSort2 (0ms)
			AwakeInstancesAfterBackupRestoration (30ms)
Platform modules already initialized, skipping
Refreshing native plugins compatible for Editor in 1.96 ms, found 3 plugins.
Preloading 0 native plugins for Editor in 0.00 ms.
Unloading 5364 Unused Serialized files (Serialized files now loaded: 0)
Unloading 30 unused Assets / (381.3 KB). Loaded Objects now: 6127.
Memory consumption went from 242.3 MB to 242.0 MB.
Total: 4.945000 ms (FindLiveObjects: 0.597100 ms CreateObjectMapping: 0.213600 ms MarkObjects: 3.976300 ms  DeleteObjects: 0.156700 ms)

AssetImportParameters requested are different than current active one (requested -> active):
  custom:video-decoder-ogg-theora: a1e56fd34408186e4bbccfd4996cb3dc -> 
  custom:container-muxer-webm: aa71ff27fc2769a1b78a27578f13a17b -> 
  custom:container-demuxer-webm: 4f35f7cbe854078d1ac9338744f61a02 -> 
  custom:video-encoder-webm-vp8: eb34c28f22e8b96e1ab97ce403110664 -> 
  custom:video-codec-MediaFoundation-h265: 746d11721c4dcdbdad8f713fa42b33f4 -> 
  custom:audio-encoder-webm-vorbis: bf7c407c2cedff20999df2af8eb42d56 -> 
  custom:framework-win-MediaFoundation: 216162199b28c13a410421893ffa2e32 -> 
  custom:SearchIndexIgnoredProperties: e643bd26f0fe6173181afceb89e7c659 -> 
  custom:container-demuxer-ogg: 62fdf1f143b41e24485cea50d1cbac27 -> 
  custom:video-decoder-webm-vp8: 9c59270c3fd7afecdb556c50c9e8de78 -> 
  custom:audio-decoder-ogg-vorbis: bf7c407c2cedff20999df2af8eb42d56 -> 
========================================================================
Received Prepare
Refreshing native plugins compatible for Editor in 7.68 ms, found 3 plugins.
Preloading 0 native plugins for Editor in 0.00 ms.
Unloading 26 Unused Serialized files (Serialized files now loaded: 0)
Unloading 26 unused Assets / (377.3 KB). Loaded Objects now: 6127.
Memory consumption went from 132.4 MB to 132.0 MB.
Total: 4.715700 ms (FindLiveObjects: 0.554500 ms CreateObjectMapping: 0.156300 ms MarkObjects: 3.905700 ms  DeleteObjects: 0.097900 ms)

AssetImportParameters requested are different than current active one (requested -> active):
  custom:video-decoder-ogg-theora: a1e56fd34408186e4bbccfd4996cb3dc -> 
  custom:container-muxer-webm: aa71ff27fc2769a1b78a27578f13a17b -> 
  custom:container-demuxer-webm: 4f35f7cbe854078d1ac9338744f61a02 -> 
  custom:video-encoder-webm-vp8: eb34c28f22e8b96e1ab97ce403110664 -> 
  custom:video-codec-MediaFoundation-h265: 746d11721c4dcdbdad8f713fa42b33f4 -> 
  custom:audio-encoder-webm-vorbis: bf7c407c2cedff20999df2af8eb42d56 -> 
  custom:framework-win-MediaFoundation: 216162199b28c13a410421893ffa2e32 -> 
  custom:SearchIndexIgnoredProperties: e643bd26f0fe6173181afceb89e7c659 -> 
  custom:container-demuxer-ogg: 62fdf1f143b41e24485cea50d1cbac27 -> 
  custom:video-decoder-webm-vp8: 9c59270c3fd7afecdb556c50c9e8de78 -> 
  custom:audio-decoder-ogg-vorbis: bf7c407c2cedff20999df2af8eb42d56 -> 
========================================================================
Received Prepare
Registering precompiled user dll's ...
Registered in 0.012681 seconds.
Begin MonoManager ReloadAssembly
* Assertion at C:\build\output\Unity-Technologies\mono\mono\mini\mini-generic-sharing.c:900, condition `oti' not met

Crash!!!
SymInit: Symbol-SearchPath: 'C:/Users/GolubevVlad/Desktop/Projects/2021.2.0b16/Editor/Data/Mono;.;C:\Users\GolubevVlad\Desktop\Projects\Roguelike Preview;C:\Users\GolubevVlad\Desktop\Projects\Roguelike Preview\Library\BurstCache\JIT;C:\Users\GolubevVlad\Desktop\Projects\2021.2.0b16\Editor;C:\WINDOWS;C:\WINDOWS\system32;SRV*C:\websymbols*http://msdl.microsoft.com/download/symbols;', symOptions: 534, UserName: 'GolubevVlad'
OS-Version: 10.0.0
C:\Users\GolubevVlad\Desktop\Projects\2021.2.0b16\Editor\Unity.exe:Unity.exe (00007FF646130000), size: 72818688 (result: 0), SymType: '-deferred-', PDB: '', fileVersion: 2021.2.0.48135
C:\WINDOWS\SYSTEM32\ntdll.dll:ntdll.dll (00007FF9AA710000), size: 2052096 (result: 0), SymType: '-deferred-', PDB: '', fileVersion: 10.0.19041.1288
C:\WINDOWS\System32\KERNEL32.DLL:KERNEL32.DLL (00007FF9A9280000), size: 778240 (result: 0), SymType: '-deferred-', PDB: '', fileVersion: 10.0.19041.1202
C:\WINDOWS\System32\KERNELBASE.dll:KERNELBASE.dll (00007FF9A8050000), size: 2920448 (result: 0), SymType: '-deferred-', PDB: '', fileVersion: 10.0.19041.1202
C:\WINDOWS\System32\CRYPT32.dll:CRYPT32.dll (00007FF9A84F0000), size: 1400832 (result: 0), SymType: '-deferred-', PDB: '', fileVersion: 10.0.19041.1202
C:\WINDOWS\System32\ucrtbase.dll:ucrtbase.dll (00007FF9A7E60000), size: 1048576 (result: 0), SymType: '-deferred-', PDB: '', fileVersion: 10.0.19041.789
C:\WINDOWS\System32\USER32.dll:USER32.dll (00007FF9A8AA0000), size: 1708032 (result: 0), SymType: '-deferred-', PDB: '', fileVersion: 10.0.19041.1202
C:\WINDOWS\System32\win32u.dll:win32u.dll (00007FF9A8430000), size: 139264 (result: 0), SymType: '-deferred-', PDB: '', fileVersion: 10.0.19041.1288
C:\WINDOWS\System32\GDI32.dll:GDI32.dll (00007FF9A9850000), size: 176128 (result: 0), SymType: '-deferred-', PDB: '', fileVersion: 10.0.19041.1202
C:\WINDOWS\System32\gdi32full.dll:gdi32full.dll (00007FF9A8320000), size: 1093632 (result: 0), SymType: '-deferred-', PDB: '', fileVersion: 10.0.19041.1110
C:\WINDOWS\System32\msvcp_win.dll:msvcp_win.dll (00007FF9A7FB0000), size: 643072 (result: 0), SymType: '-deferred-', PDB: '', fileVersion: 10.0.19041.789
C:\WINDOWS\System32\ADVAPI32.dll:ADVAPI32.dll (00007FF9A9880000), size: 704512 (result: 0), SymType: '-deferred-', PDB: '', fileVersion: 10.0.19041.1052
C:\Users\GolubevVlad\Desktop\Projects\2021.2.0b16\Editor\optix.6.0.0.dll:optix.6.0.0.dll (00007FF9838E0000), size: 208896 (result: 0), SymType: '-deferred-', PDB: '', fileVersion: 6.0.0.0
C:\Users\GolubevVlad\Desktop\Projects\2021.2.0b16\Editor\s3tcompress.dll:s3tcompress.dll (00007FF9A2F60000), size: 180224 (result: 0), SymType: '-deferred-', PDB: ''
C:\Users\GolubevVlad\Desktop\Projects\2021.2.0b16\Editor\libfbxsdk.dll:libfbxsdk.dll (00007FF8F9B40000), size: 10215424 (result: 0), SymType: '-deferred-', PDB: '', fileVersion: 2020.2.0.0
C:\WINDOWS\System32\msvcrt.dll:msvcrt.dll (00007FF9A9930000), size: 647168 (result: 0), SymType: '-deferred-', PDB: '', fileVersion: 7.0.19041.546
C:\WINDOWS\System32\sechost.dll:sechost.dll (00007FF9AA2D0000), size: 634880 (result: 0), SymType: '-deferred-', PDB: '', fileVersion: 10.0.19041.906
C:\Users\GolubevVlad\Desktop\Projects\2021.2.0b16\Editor\etccompress.dll:etccompress.dll (00007FF8F9660000), size: 5066752 (result: 0), SymType: '-deferred-', PDB: ''
C:\WINDOWS\System32\RPCRT4.dll:RPCRT4.dll (00007FF9A8760000), size: 1220608 (result: 0), SymType: '-deferred-', PDB: '', fileVersion: 10.0.19041.1288
C:\WINDOWS\System32\SHELL32.dll:SHELL32.dll (00007FF9A99D0000), size: 7598080 (result: 0), SymType: '-deferred-', PDB: '', fileVersion: 10.0.19041.1266
C:\Users\GolubevVlad\Desktop\Projects\2021.2.0b16\Editor\ispc_texcomp.dll:ispc_texcomp.dll (00007FF967E90000), size: 1740800 (result: 0), SymType: '-deferred-', PDB: ''
C:\WINDOWS\System32\SHLWAPI.dll:SHLWAPI.dll (00007FF9A8D20000), size: 348160 (result: 0), SymType: '-deferred-', PDB: '', fileVersion: 10.0.19041.1023
C:\WINDOWS\System32\ole32.dll:ole32.dll (00007FF9A8DF0000), size: 1220608 (result: 0), SymType: '-deferred-', PDB: '', fileVersion: 10.0.19041.1202
C:\Users\GolubevVlad\Desktop\Projects\2021.2.0b16\Editor\compress_bc7e.dll:compress_bc7e.dll (00007FF8F9500000), size: 1441792 (result: 0), SymType: '-deferred-', PDB: ''
C:\Users\GolubevVlad\Desktop\Projects\2021.2.0b16\Editor\FreeImage.dll:FreeImage.dll (0000000180000000), size: 6582272 (result: 0), SymType: '-deferred-', PDB: '', fileVersion: 3.18.0.0
C:\WINDOWS\System32\combase.dll:combase.dll (00007FF9AA370000), size: 3493888 (result: 0), SymType: '-deferred-', PDB: '', fileVersion: 10.0.19041.1288
C:\Users\GolubevVlad\Desktop\Projects\2021.2.0b16\Editor\OpenImageDenoise.dll:OpenImageDenoise.dll (00007FF8F3C20000), size: 35123200 (result: 0), SymType: '-deferred-', PDB: '', fileVersion: 1.3.0.0
C:\WINDOWS\System32\IMM32.dll:IMM32.dll (00007FF9A9240000), size: 196608 (result: 0), SymType: '-deferred-', PDB: '', fileVersion: 10.0.19041.546
C:\Users\GolubevVlad\Desktop\Projects\2021.2.0b16\Editor\WinPixEventRuntime.dll:WinPixEventRuntime.dll (00007FF9838D0000), size: 45056 (result: 0), SymType: '-deferred-', PDB: '', fileVersion: 1.0.1812.6001
C:\WINDOWS\System32\SETUPAPI.dll:SETUPAPI.dll (00007FF9A93D0000), size: 4661248 (result: 0), SymType: '-deferred-', PDB: '', fileVersion: 10.0.19041.1237
C:\WINDOWS\System32\cfgmgr32.dll:cfgmgr32.dll (00007FF9A7F60000), size: 319488 (result: 0), SymType: '-deferred-', PDB: '', fileVersion: 10.0.19041.1151
C:\WINDOWS\System32\WS2_32.dll:WS2_32.dll (00007FF9A9340000), size: 438272 (result: 0), SymType: '-deferred-', PDB: '', fileVersion: 10.0.19041.546
C:\WINDOWS\System32\bcrypt.dll:bcrypt.dll (00007FF9A7E30000), size: 159744 (result: 0), SymType: '-deferred-', PDB: '', fileVersion: 10.0.19041.1023
C:\Users\GolubevVlad\Desktop\Projects\2021.2.0b16\Editor\umbraoptimizer64.dll:umbraoptimizer64.dll (00007FF8F93D0000), size: 1187840 (result: 0), SymType: '-deferred-', PDB: ''
C:\WINDOWS\System32\OLEAUT32.dll:OLEAUT32.dll (00007FF9A8C50000), size: 839680 (result: 0), SymType: '-deferred-', PDB: '', fileVersion: 10.0.19041.985
C:\WINDOWS\System32\WINTRUST.dll:WINTRUST.dll (00007FF9A8700000), size: 393216 (result: 0), SymType: '-deferred-', PDB: '', fileVersion: 10.0.19041.1266
C:\WINDOWS\SYSTEM32\GLU32.dll:GLU32.dll (00007FF981EA0000), size: 180224 (result: 0), SymType: '-deferred-', PDB: '', fileVersion: 10.0.19041.1081
C:\Users\GolubevVlad\Desktop\Projects\2021.2.0b16\Editor\tbb12.dll:tbb12.dll (00007FF981E40000), size: 389120 (result: 0), SymType: '-deferred-', PDB: ''
C:\WINDOWS\SYSTEM32\OPENGL32.dll:OPENGL32.dll (00007FF8F92A0000), size: 1200128 (result: 0), SymType: '-deferred-', PDB: '', fileVersion: 10.0.19041.1081
C:\WINDOWS\SYSTEM32\IPHLPAPI.DLL:IPHLPAPI.DLL (00007FF9A7280000), size: 241664 (result: 0), SymType: '-deferred-', PDB: '', fileVersion: 10.0.19041.546
C:\WINDOWS\SYSTEM32\MSVCP140.dll:MSVCP140.dll (00007FF980120000), size: 577536 (result: 0), SymType: '-deferred-', PDB: '', fileVersion: 14.28.29913.0
C:\WINDOWS\SYSTEM32\VCRUNTIME140.dll:VCRUNTIME140.dll (00007FF980200000), size: 106496 (result: 0), SymType: '-deferred-', PDB: '', fileVersion: 14.28.29913.0
C:\WINDOWS\SYSTEM32\WINHTTP.dll:WINHTTP.dll (00007FF999E10000), size: 1081344 (result: 0), SymType: '-deferred-', PDB: '', fileVersion: 10.0.19041.1151
C:\WINDOWS\SYSTEM32\HID.DLL:HID.DLL (00007FF9A66C0000), size: 53248 (result: 0), SymType: '-deferred-', PDB: '', fileVersion: 10.0.19041.546
C:\WINDOWS\SYSTEM32\dwmapi.dll:dwmapi.dll (00007FF9A5970000), size: 192512 (result: 0), SymType: '-deferred-', PDB: '', fileVersion: 10.0.19041.746
C:\WINDOWS\SYSTEM32\WINMM.dll:WINMM.dll (00007FF99D930000), size: 159744 (result: 0), SymType: '-deferred-', PDB: '', fileVersion: 10.0.19041.546
C:\Users\GolubevVlad\Desktop\Projects\2021.2.0b16\Editor\RadeonImageFilters.dll:RadeonImageFilters.dll (00007FF8F8FC0000), size: 2961408 (result: 0), SymType: '-deferred-', PDB: '', fileVersion: 1.7.0.0
C:\Users\GolubevVlad\Desktop\Projects\2021.2.0b16\Editor\SketchUpAPI.dll:SketchUpAPI.dll (00007FF8F86E0000), size: 9306112 (result: 0), SymType: '-deferred-', PDB: '', fileVersion: 20.2.172.0
C:\WINDOWS\SYSTEM32\VERSION.dll:VERSION.dll (00007FF9A0830000), size: 40960 (result: 0), SymType: '-deferred-', PDB: '', fileVersion: 10.0.19041.546
C:\WINDOWS\SYSTEM32\WSOCK32.dll:WSOCK32.dll (00007FF97F2B0000), size: 36864 (result: 0), SymType: '-deferred-', PDB: '', fileVersion: 10.0.19041.1
C:\WINDOWS\SYSTEM32\VCRUNTIME140_1.dll:VCRUNTIME140_1.dll (00007FF97F070000), size: 49152 (result: 0), SymType: '-deferred-', PDB: '', fileVersion: 14.28.29913.0
C:\Users\GolubevVlad\Desktop\Projects\2021.2.0b16\Editor\SketchUpCommonPreferences.dll:SketchUpCommonPreferences.dll (00007FF9754D0000), size: 479232 (result: 0), SymType: '-deferred-', PDB: '', fileVersion: 20.2.172.37
C:\Users\GolubevVlad\Desktop\Projects\2021.2.0b16\Editor\RadeonML.dll:RadeonML.dll (00007FF97A5B0000), size: 94208 (result: 0), SymType: '-deferred-', PDB: '', fileVersion: 0.9.11.0
C:\WINDOWS\SYSTEM32\Secur32.dll:Secur32.dll (00007FF99B140000), size: 49152 (result: 0), SymType: '-deferred-', PDB: '', fileVersion: 10.0.19041.546
C:\WINDOWS\SYSTEM32\SSPICLI.DLL:SSPICLI.DLL (00007FF9A7D20000), size: 200704 (result: 0), SymType: '-deferred-', PDB: '', fileVersion: 10.0.19041.1266
C:\Users\GolubevVlad\Desktop\Projects\2021.2.0b16\Editor\OpenRL.dll:OpenRL.dll (000001F07E960000), size: 12779520 (result: 0), SymType: '-deferred-', PDB: '', fileVersion: 1.5.0.2907
C:\WINDOWS\SYSTEM32\MSVCR100.dll:MSVCR100.dll (0000000062B30000), size: 860160 (result: 0), SymType: '-deferred-', PDB: '', fileVersion: 10.0.40219.473
C:\WINDOWS\SYSTEM32\MSVCP100.dll:MSVCP100.dll (0000000061430000), size: 622592 (result: 0), SymType: '-deferred-', PDB: '', fileVersion: 10.0.40219.473
C:\Users\GolubevVlad\Desktop\Projects\2021.2.0b16\Editor\embree.dll:embree.dll (00007FF8F76F0000), size: 16711680 (result: 0), SymType: '-deferred-', PDB: '', fileVersion: 2.14.0.0
C:\WINDOWS\SYSTEM32\MSWSOCK.DLL:MSWSOCK.DLL (00007FF9A75E0000), size: 434176 (result: 0), SymType: '-deferred-', PDB: '', fileVersion: 10.0.19041.546
C:\Users\GolubevVlad\Desktop\Projects\2021.2.0b16\Editor\tbb.dll:tbb.dll (00007FF8F7680000), size: 413696 (result: 0), SymType: '-deferred-', PDB: '', fileVersion: 2017.0.2016.1004
C:\WINDOWS\SYSTEM32\MSVCP120.dll:MSVCP120.dll (00007FF97EB30000), size: 679936 (result: 0), SymType: '-deferred-', PDB: '', fileVersion: 12.0.40664.0
C:\WINDOWS\SYSTEM32\MSVCR120.dll:MSVCR120.dll (00007FF97FF90000), size: 978944 (result: 0), SymType: '-deferred-', PDB: '', fileVersion: 12.0.40664.0
C:\Users\GolubevVlad\Desktop\Projects\2021.2.0b16\Editor\OpenRL_pthread.dll:OpenRL_pthread.dll (000001F07F5B0000), size: 61440 (result: 0), SymType: '-deferred-', PDB: '', fileVersion: 2.9.0.0
C:\Users\GolubevVlad\Desktop\Projects\2021.2.0b16\Editor\tbbmalloc.dll:tbbmalloc.dll (00007FF975470000), size: 372736 (result: 0), SymType: '-deferred-', PDB: '', fileVersion: 2017.0.2016.1004
C:\WINDOWS\SYSTEM32\MSASN1.dll:MSASN1.dll (00007FF9A7A10000), size: 73728 (result: 0), SymType: '-deferred-', PDB: '', fileVersion: 10.0.19041.546
C:\WINDOWS\SYSTEM32\kernel.appcore.dll:kernel.appcore.dll (00007FF9A66D0000), size: 73728 (result: 0), SymType: '-deferred-', PDB: '', fileVersion: 10.0.19041.546
C:\WINDOWS\System32\bcryptPrimitives.dll:bcryptPrimitives.dll (00007FF9A8460000), size: 536576 (result: 0), SymType: '-deferred-', PDB: '', fileVersion: 10.0.19041.1202
C:\WINDOWS\system32\uxtheme.dll:uxtheme.dll (00007FF9A5580000), size: 647168 (result: 0), SymType: '-deferred-', PDB: '', fileVersion: 10.0.19041.1266
C:\WINDOWS\System32\shcore.dll:shcore.dll (00007FF9A90D0000), size: 708608 (result: 0), SymType: '-deferred-', PDB: '', fileVersion: 10.0.19041.1266
C:\WINDOWS\SYSTEM32\windows.storage.dll:windows.storage.dll (00007FF9A5F30000), size: 7929856 (result: 0), SymType: '-deferred-', PDB: '', fileVersion: 10.0.19041.1266
C:\WINDOWS\SYSTEM32\Wldp.dll:Wldp.dll (00007FF9A7880000), size: 180224 (result: 0), SymType: '-deferred-', PDB: '', fileVersion: 10.0.19041.662
C:\WINDOWS\SYSTEM32\profapi.dll:profapi.dll (00007FF9A7D70000), size: 126976 (result: 0), SymType: '-deferred-', PDB: '', fileVersion: 10.0.19041.844
C:\WINDOWS\system32\IconCodecService.dll:IconCodecService.dll (00007FF96F420000), size: 36864 (result: 0), SymType: '-deferred-', PDB: '', fileVersion: 10.0.19041.1
C:\WINDOWS\SYSTEM32\WindowsCodecs.dll:WindowsCodecs.dll (00007FF9A1AE0000), size: 1785856 (result: 0), SymType: '-deferred-', PDB: '', fileVersion: 10.0.19041.1151
C:\WINDOWS\System32\clbcatq.dll:clbcatq.dll (00007FF9A9190000), size: 692224 (result: 0), SymType: '-deferred-', PDB: '', fileVersion: 2001.12.10941.16384
C:\WINDOWS\System32\netprofm.dll:netprofm.dll (00007FF9A31E0000), size: 253952 (result: 0), SymType: '-deferred-', PDB: '', fileVersion: 10.0.19041.906
C:\WINDOWS\System32\npmproxy.dll:npmproxy.dll (00007FF99D900000), size: 65536 (result: 0), SymType: '-deferred-', PDB: '', fileVersion: 10.0.19041.906
C:\WINDOWS\System32\NSI.dll:NSI.dll (00007FF9A8D80000), size: 32768 (result: 0), SymType: '-deferred-', PDB: '', fileVersion: 10.0.19041.610
C:\WINDOWS\SYSTEM32\dhcpcsvc6.DLL:dhcpcsvc6.DLL (00007FF9A0720000), size: 94208 (result: 0), SymType: '-deferred-', PDB: '', fileVersion: 10.0.19041.546
C:\WINDOWS\SYSTEM32\dhcpcsvc.DLL:dhcpcsvc.DLL (00007FF9A0700000), size: 118784 (result: 0), SymType: '-deferred-', PDB: '', fileVersion: 10.0.19041.546
C:\WINDOWS\SYSTEM32\DNSAPI.dll:DNSAPI.dll (00007FF9A72D0000), size: 835584 (result: 0), SymType: '-deferred-', PDB: '', fileVersion: 10.0.19041.1266
C:\WINDOWS\System32\fwpuclnt.dll:fwpuclnt.dll (00007FF995DB0000), size: 520192 (result: 0), SymType: '-deferred-', PDB: '', fileVersion: 10.0.19041.1266
C:\Windows\System32\rasadhlp.dll:rasadhlp.dll (00007FF99B5C0000), size: 40960 (result: 0), SymType: '-deferred-', PDB: '', fileVersion: 10.0.19041.546
C:\Users\GolubevVlad\Desktop\Projects\2021.2.0b16\Editor\NVUnityPlugin.DLL:NVUnityPlugin.DLL (00007FF8F7270000), size: 1523712 (result: 0), SymType: '-deferred-', PDB: ''
C:\WINDOWS\SYSTEM32\vulkan-1.dll:vulkan-1.dll (00007FF8F7150000), size: 1126400 (result: 0), SymType: '-deferred-', PDB: '', fileVersion: 1.2.182.0
C:\WINDOWS\system32\dxgi.dll:dxgi.dll (00007FF9A6720000), size: 999424 (result: 0), SymType: '-deferred-', PDB: '', fileVersion: 10.0.19041.1266
C:\Users\GolubevVlad\Desktop\Projects\2021.2.0b16\Editor\Data\Tools\astcenc-avx2.dll:astcenc-avx2.dll (00007FF8F70C0000), size: 561152 (result: 0), SymType: '-deferred-', PDB: ''
C:\WINDOWS\SYSTEM32\d3d11.dll:d3d11.dll (00007FF9A3E40000), size: 2506752 (result: 0), SymType: '-deferred-', PDB: '', fileVersion: 10.0.19041.1202
C:\WINDOWS\System32\DriverStore\FileRepository\nv_dispi.inf_amd64_5292bbfbf575e2d2\nvldumdx.dll:nvldumdx.dll (00007FF99E720000), size: 1073152 (result: 0), SymType: '-deferred-', PDB: '', fileVersion: 30.0.14.9613
C:\WINDOWS\SYSTEM32\cryptnet.dll:cryptnet.dll (00007FF99E5E0000), size: 200704 (result: 0), SymType: '-deferred-', PDB: '', fileVersion: 10.0.19041.906
C:\WINDOWS\SYSTEM32\drvstore.dll:drvstore.dll (00007FF99E460000), size: 1351680 (result: 0), SymType: '-deferred-', PDB: '', fileVersion: 10.0.19041.1081
C:\WINDOWS\SYSTEM32\devobj.dll:devobj.dll (00007FF9A7BD0000), size: 212992 (result: 0), SymType: '-deferred-', PDB: '', fileVersion: 10.0.19041.1151
C:\WINDOWS\SYSTEM32\cryptbase.dll:cryptbase.dll (00007FF9A77F0000), size: 49152 (result: 0), SymType: '-deferred-', PDB: '', fileVersion: 10.0.19041.546
C:\WINDOWS\System32\imagehlp.dll:imagehlp.dll (00007FF9A93B0000), size: 118784 (result: 0), SymType: '-deferred-', PDB: '', fileVersion: 10.0.19041.546
C:\WINDOWS\SYSTEM32\CRYPTSP.dll:CRYPTSP.dll (00007FF9A77D0000), size: 98304 (result: 0), SymType: '-deferred-', PDB: '', fileVersion: 10.0.19041.546
C:\WINDOWS\system32\rsaenh.dll:rsaenh.dll (00007FF9A6EF0000), size: 212992 (result: 0), SymType: '-deferred-', PDB: '', fileVersion: 10.0.19041.1052
C:\WINDOWS\System32\DriverStore\FileRepository\nv_dispi.inf_amd64_5292bbfbf575e2d2\nvwgf2umx.dll:nvwgf2umx.dll (00007FF95FCA0000), size: 43159552 (result: 0), SymType: '-deferred-', PDB: '', fileVersion: 30.0.14.9613
C:\WINDOWS\system32\nvspcap64.dll:nvspcap64.dll (00007FF951800000), size: 2895872 (result: 0), SymType: '-deferred-', PDB: '', fileVersion: 3.23.0.74
C:\WINDOWS\SYSTEM32\ntmarta.dll:ntmarta.dll (00007FF9A6B20000), size: 208896 (result: 0), SymType: '-deferred-', PDB: '', fileVersion: 10.0.19041.546
C:\WINDOWS\SYSTEM32\dxcore.dll:dxcore.dll (00007FF99EB60000), size: 241664 (result: 0), SymType: '-deferred-', PDB: '', fileVersion: 10.0.19041.546
C:\WINDOWS\system32\wbem\wbemprox.dll:wbemprox.dll (00007FF995AC0000), size: 69632 (result: 0), SymType: '-deferred-', PDB: '', fileVersion: 10.0.19041.1081
C:\WINDOWS\SYSTEM32\wbemcomn.dll:wbemcomn.dll (00007FF995A20000), size: 598016 (result: 0), SymType: '-deferred-', PDB: '', fileVersion: 10.0.19041.1081
C:\WINDOWS\system32\wbem\wbemsvc.dll:wbemsvc.dll (00007FF995780000), size: 81920 (result: 0), SymType: '-deferred-', PDB: '', fileVersion: 10.0.19041.1081
C:\WINDOWS\system32\wbem\fastprox.dll:fastprox.dll (00007FF9926D0000), size: 1093632 (result: 0), SymType: '-deferred-', PDB: '', fileVersion: 10.0.19041.546
C:\WINDOWS\SYSTEM32\amsi.dll:amsi.dll (00007FF985540000), size: 102400 (result: 0), SymType: '-deferred-', PDB: '', fileVersion: 10.0.19041.746
C:\WINDOWS\SYSTEM32\USERENV.dll:USERENV.dll (00007FF9A7CF0000), size: 188416 (result: 0), SymType: '-deferred-', PDB: '', fileVersion: 10.0.19041.572
C:\Program Files\ESET\ESET Security\eamsi.dll:eamsi.dll (00007FF9854C0000), size: 241664 (result: 0), SymType: '-deferred-', PDB: '', fileVersion: 10.16.43.0
C:\Users\GolubevVlad\Desktop\Projects\2021.2.0b16\Editor\cudart64_90.dll:cudart64_90.dll (00007FF8F0050000), size: 397312 (result: 0), SymType: '-deferred-', PDB: '', fileVersion: 6.14.11.9000
C:\WINDOWS\SYSTEM32\opencl.dll:opencl.dll (00007FF8EFEE0000), size: 1474560 (result: 0), SymType: '-deferred-', PDB: '', fileVersion: 3.0.1.0
C:\Users\GolubevVlad\Desktop\Projects\2021.2.0b16\Editor\radeonrays.dll:radeonrays.dll (00007FF8EFE50000), size: 557056 (result: 0), SymType: '-deferred-', PDB: ''
C:\Users\GolubevVlad\Desktop\Projects\2021.2.0b16\Editor\Data\MonoBleedingEdge\EmbedRuntime\mono-2.0-bdwgc.dll:mono-2.0-bdwgc.dll (00007FF8EF450000), size: 10469376 (result: 0), SymType: '-deferred-', PDB: ''
C:\Users\GolubevVlad\Desktop\Projects\Roguelike Preview\Library\PackageCache\com.unity.burst@1.6.0\.Runtime\burst-llvm-11.dll:burst-llvm-11.dll (00007FF8F1720000), size: 38744064 (result: 0), SymType: '-deferred-', PDB: ''
C:\WINDOWS\SYSTEM32\PROPSYS.dll:PROPSYS.dll (00007FF9A35C0000), size: 1007616 (result: 0), SymType: '-deferred-', PDB: '', fileVersion: 7.0.19041.1023
C:\WINDOWS\WinSxS\amd64_microsoft.windows.common-controls_6595b64144ccf1df_6.0.19041.1110_none_60b5254171f9507e\comctl32.dll:comctl32.dll (00007FF999610000), size: 2727936 (result: 0), SymType: '-deferred-', PDB: '', fileVersion: 6.10.19041.1110
C:\Windows\System32\thumbcache.dll:thumbcache.dll (00007FF96C940000), size: 417792 (result: 0), SymType: '-deferred-', PDB: '', fileVersion: 10.0.19041.1151
C:\WINDOWS\SYSTEM32\policymanager.dll:policymanager.dll (00007FF9A1CA0000), size: 655360 (result: 0), SymType: '-deferred-', PDB: '', fileVersion: 10.0.19041.1266
C:\WINDOWS\SYSTEM32\msvcp110_win.dll:msvcp110_win.dll (00007FF9A6F80000), size: 565248 (result: 0), SymType: '-deferred-', PDB: '', fileVersion: 10.0.19041.546
C:\WINDOWS\SYSTEM32\dbghelp.dll:dbghelp.dll (00007FF9A5D20000), size: 1982464 (result: 0), SymType: '-deferred-', PDB: '', fileVersion: 10.0.19041.867

========== OUTPUTTING STACK TRACE ==================

0x00007FF9A8084F99 (KERNELBASE) RaiseException
0x00007FF8EF4C06A1 (mono-2.0-bdwgc) [C:\build\output\Unity-Technologies\mono\mono\utils\mono-log-common.c:143] mono_log_write_logfile 
0x00007FF8EF4AC459 (mono-2.0-bdwgc) [C:\build\output\Unity-Technologies\mono\mono\eglib\goutput.c:172] monoeg_g_logv_nofree 
0x00007FF8EF4AC53C (mono-2.0-bdwgc) [C:\build\output\Unity-Technologies\mono\mono\eglib\goutput.c:215] monoeg_assertion_message 
0x00007FF8EF4AC589 (mono-2.0-bdwgc) [C:\build\output\Unity-Technologies\mono\mono\eglib\goutput.c:231] mono_assertion_message 
0x00007FF8EF7D0CD5 (mono-2.0-bdwgc) [C:\build\output\Unity-Technologies\mono\mono\mini\mini-generic-sharing.c:3019] fill_runtime_generic_context 
0x00007FF8EF7D0DE9 (mono-2.0-bdwgc) [C:\build\output\Unity-Technologies\mono\mono\mini\mini-generic-sharing.c:3089] mono_class_fill_runtime_generic_context 
0x00007FF8EF7C1487 (mono-2.0-bdwgc) [C:\build\output\Unity-Technologies\mono\mono\mini\mini-trampolines.c:1018] mono_rgctx_lazy_fetch_trampoline 
SymInit: Symbol-SearchPath: 'C:/Users/GolubevVlad/Desktop/Projects/2021.2.0b16/Editor/Data/Mono;.;C:\Users\GolubevVlad\Desktop\Projects\Roguelike Preview;C:\Users\GolubevVlad\Desktop\Projects\Roguelike Preview\Library\BurstCache\JIT;C:\Users\GolubevVlad\Desktop\Projects\2021.2.0b16\Editor;C:\WINDOWS;C:\WINDOWS\system32;SRV*C:\websymbols*http://msdl.microsoft.com/download/symbols;', symOptions: 534, UserName: 'GolubevVlad'
OS-Version: 10.0.0
C:\Users\GolubevVlad\Desktop\Projects\2021.2.0b16\Editor\Unity.exe:Unity.exe (00007FF646130000), size: 72818688 (result: 0), SymType: 'PDB', PDB: 'C:\Users\GolubevVlad\Desktop\Projects\2021.2.0b16\Editor\Unity_x64.pdb', fileVersion: 2021.2.0.48135
C:\WINDOWS\SYSTEM32\ntdll.dll:ntdll.dll (00007FF9AA710000), size: 2052096 (result: 0), SymType: '-exported-', PDB: 'C:\WINDOWS\SYSTEM32\ntdll.dll', fileVersion: 10.0.19041.1288
C:\WINDOWS\System32\KERNEL32.DLL:KERNEL32.DLL (00007FF9A9280000), size: 778240 (result: 0), SymType: '-exported-', PDB: 'C:\WINDOWS\System32\KERNEL32.DLL', fileVersion: 10.0.19041.1202
C:\WINDOWS\System32\KERNELBASE.dll:KERNELBASE.dll (00007FF9A8050000), size: 2920448 (result: 0), SymType: '-exported-', PDB: 'C:\WINDOWS\System32\KERNELBASE.dll', fileVersion: 10.0.19041.1202
C:\WINDOWS\System32\CRYPT32.dll:CRYPT32.dll (00007FF9A84F0000), size: 1400832 (result: 0), SymType: '-exported-', PDB: 'C:\WINDOWS\System32\CRYPT32.dll', fileVersion: 10.0.19041.1202
C:\WINDOWS\System32\ucrtbase.dll:ucrtbase.dll (00007FF9A7E60000), size: 1048576 (result: 0), SymType: '-exported-', PDB: 'C:\WINDOWS\System32\ucrtbase.dll', fileVersion: 10.0.19041.789
C:\WINDOWS\System32\USER32.dll:USER32.dll (00007FF9A8AA0000), size: 1708032 (result: 0), SymType: '-exported-', PDB: 'C:\WINDOWS\System32\USER32.dll', fileVersion: 10.0.19041.1202
C:\WINDOWS\System32\win32u.dll:win32u.dll (00007FF9A8430000), size: 139264 (result: 0), SymType: '-exported-', PDB: 'C:\WINDOWS\System32\win32u.dll', fileVersion: 10.0.19041.1288
C:\WINDOWS\System32\GDI32.dll:GDI32.dll (00007FF9A9850000), size: 176128 (result: 0), SymType: '-exported-', PDB: 'C:\WINDOWS\System32\GDI32.dll', fileVersion: 10.0.19041.1202
C:\WINDOWS\System32\gdi32full.dll:gdi32full.dll (00007FF9A8320000), size: 1093632 (result: 0), SymType: '-exported-', PDB: 'C:\WINDOWS\System32\gdi32full.dll', fileVersion: 10.0.19041.1110
C:\WINDOWS\System32\msvcp_win.dll:msvcp_win.dll (00007FF9A7FB0000), size: 643072 (result: 0), SymType: '-exported-', PDB: 'C:\WINDOWS\System32\msvcp_win.dll', fileVersion: 10.0.19041.789
C:\WINDOWS\System32\ADVAPI32.dll:ADVAPI32.dll (00007FF9A9880000), size: 704512 (result: 0), SymType: '-exported-', PDB: 'C:\WINDOWS\System32\ADVAPI32.dll', fileVersion: 10.0.19041.1052
C:\Users\GolubevVlad\Desktop\Projects\2021.2.0b16\Editor\optix.6.0.0.dll:optix.6.0.0.dll (00007FF9838E0000), size: 208896 (result: 0), SymType: '-exported-', PDB: 'C:\Users\GolubevVlad\Desktop\Projects\2021.2.0b16\Editor\optix.6.0.0.dll', fileVersion: 6.0.0.0
C:\Users\GolubevVlad\Desktop\Projects\2021.2.0b16\Editor\s3tcompress.dll:s3tcompress.dll (00007FF9A2F60000), size: 180224 (result: 0), SymType: '-exported-', PDB: 'C:\Users\GolubevVlad\Desktop\Projects\2021.2.0b16\Editor\s3tcompress.dll'
C:\Users\GolubevVlad\Desktop\Projects\2021.2.0b16\Editor\libfbxsdk.dll:libfbxsdk.dll (00007FF8F9B40000), size: 10215424 (result: 0), SymType: '-exported-', PDB: 'C:\Users\GolubevVlad\Desktop\Projects\2021.2.0b16\Editor\libfbxsdk.dll', fileVersion: 2020.2.0.0
C:\WINDOWS\System32\msvcrt.dll:msvcrt.dll (00007FF9A9930000), size: 647168 (result: 0), SymType: '-exported-', PDB: 'C:\WINDOWS\System32\msvcrt.dll', fileVersion: 7.0.19041.546
C:\WINDOWS\System32\sechost.dll:sechost.dll (00007FF9AA2D0000), size: 634880 (result: 0), SymType: '-exported-', PDB: 'C:\WINDOWS\System32\sechost.dll', fileVersion: 10.0.19041.906
C:\Users\GolubevVlad\Desktop\Projects\2021.2.0b16\Editor\etccompress.dll:etccompress.dll (00007FF8F9660000), size: 5066752 (result: 0), SymType: '-exported-', PDB: 'C:\Users\GolubevVlad\Desktop\Projects\2021.2.0b16\Editor\etccompress.dll'
C:\WINDOWS\System32\RPCRT4.dll:RPCRT4.dll (00007FF9A8760000), size: 1220608 (result: 0), SymType: '-exported-', PDB: 'C:\WINDOWS\System32\RPCRT4.dll', fileVersion: 10.0.19041.1288
C:\WINDOWS\System32\SHELL32.dll:SHELL32.dll (00007FF9A99D0000), size: 7598080 (result: 0), SymType: '-exported-', PDB: 'C:\WINDOWS\System32\SHELL32.dll', fileVersion: 10.0.19041.1266
C:\Users\GolubevVlad\Desktop\Projects\2021.2.0b16\Editor\ispc_texcomp.dll:ispc_texcomp.dll (00007FF967E90000), size: 1740800 (result: 0), SymType: '-exported-', PDB: 'C:\Users\GolubevVlad\Desktop\Projects\2021.2.0b16\Editor\ispc_texcomp.dll'
C:\WINDOWS\System32\SHLWAPI.dll:SHLWAPI.dll (00007FF9A8D20000), size: 348160 (result: 0), SymType: '-exported-', PDB: 'C:\WINDOWS\System32\SHLWAPI.dll', fileVersion: 10.0.19041.1023
C:\WINDOWS\System32\ole32.dll:ole32.dll (00007FF9A8DF0000), size: 1220608 (result: 0), SymType: '-exported-', PDB: 'C:\WINDOWS\System32\ole32.dll', fileVersion: 10.0.19041.1202
C:\Users\GolubevVlad\Desktop\Projects\2021.2.0b16\Editor\compress_bc7e.dll:compress_bc7e.dll (00007FF8F9500000), size: 1441792 (result: 0), SymType: '-exported-', PDB: 'C:\Users\GolubevVlad\Desktop\Projects\2021.2.0b16\Editor\compress_bc7e.dll'
C:\Users\GolubevVlad\Desktop\Projects\2021.2.0b16\Editor\FreeImage.dll:FreeImage.dll (0000000180000000), size: 6582272 (result: 0), SymType: '-exported-', PDB: 'C:\Users\GolubevVlad\Desktop\Projects\2021.2.0b16\Editor\FreeImage.dll', fileVersion: 3.18.0.0
C:\WINDOWS\System32\combase.dll:combase.dll (00007FF9AA370000), size: 3493888 (result: 0), SymType: '-exported-', PDB: 'C:\WINDOWS\System32\combase.dll', fileVersion: 10.0.19041.1288
C:\Users\GolubevVlad\Desktop\Projects\2021.2.0b16\Editor\OpenImageDenoise.dll:OpenImageDenoise.dll (00007FF8F3C20000), size: 35123200 (result: 0), SymType: '-exported-', PDB: 'C:\Users\GolubevVlad\Desktop\Projects\2021.2.0b16\Editor\OpenImageDenoise.dll', fileVersion: 1.3.0.0
C:\WINDOWS\System32\IMM32.dll:IMM32.dll (00007FF9A9240000), size: 196608 (result: 0), SymType: '-exported-', PDB: 'C:\WINDOWS\System32\IMM32.dll', fileVersion: 10.0.19041.546
C:\Users\GolubevVlad\Desktop\Projects\2021.2.0b16\Editor\WinPixEventRuntime.dll:WinPixEventRuntime.dll (00007FF9838D0000), size: 45056 (result: 0), SymType: '-exported-', PDB: 'C:\Users\GolubevVlad\Desktop\Projects\2021.2.0b16\Editor\WinPixEventRuntime.dll', fileVersion: 1.0.1812.6001
C:\WINDOWS\System32\SETUPAPI.dll:SETUPAPI.dll (00007FF9A93D0000), size: 4661248 (result: 0), SymType: '-exported-', PDB: 'C:\WINDOWS\System32\SETUPAPI.dll', fileVersion: 10.0.19041.1237
C:\WINDOWS\System32\cfgmgr32.dll:cfgmgr32.dll (00007FF9A7F60000), size: 319488 (result: 0), SymType: '-exported-', PDB: 'C:\WINDOWS\System32\cfgmgr32.dll', fileVersion: 10.0.19041.1151
C:\WINDOWS\System32\WS2_32.dll:WS2_32.dll (00007FF9A9340000), size: 438272 (result: 0), SymType: '-exported-', PDB: 'C:\WINDOWS\System32\WS2_32.dll', fileVersion: 10.0.19041.546
C:\WINDOWS\System32\bcrypt.dll:bcrypt.dll (00007FF9A7E30000), size: 159744 (result: 0), SymType: '-exported-', PDB: 'C:\WINDOWS\System32\bcrypt.dll', fileVersion: 10.0.19041.1023
C:\Users\GolubevVlad\Desktop\Projects\2021.2.0b16\Editor\umbraoptimizer64.dll:umbraoptimizer64.dll (00007FF8F93D0000), size: 1187840 (result: 0), SymType: '-exported-', PDB: 'C:\Users\GolubevVlad\Desktop\Projects\2021.2.0b16\Editor\umbraoptimizer64.dll'
C:\WINDOWS\System32\OLEAUT32.dll:OLEAUT32.dll (00007FF9A8C50000), size: 839680 (result: 0), SymType: '-exported-', PDB: 'C:\WINDOWS\System32\OLEAUT32.dll', fileVersion: 10.0.19041.985
C:\WINDOWS\System32\WINTRUST.dll:WINTRUST.dll (00007FF9A8700000), size: 393216 (result: 0), SymType: '-exported-', PDB: 'C:\WINDOWS\System32\WINTRUST.dll', fileVersion: 10.0.19041.1266
C:\WINDOWS\SYSTEM32\GLU32.dll:GLU32.dll (00007FF981EA0000), size: 180224 (result: 0), SymType: '-exported-', PDB: 'C:\WINDOWS\SYSTEM32\GLU32.dll', fileVersion: 10.0.19041.1081
C:\Users\GolubevVlad\Desktop\Projects\2021.2.0b16\Editor\tbb12.dll:tbb12.dll (00007FF981E40000), size: 389120 (result: 0), SymType: '-exported-', PDB: 'C:\Users\GolubevVlad\Desktop\Projects\2021.2.0b16\Editor\tbb12.dll'
C:\WINDOWS\SYSTEM32\OPENGL32.dll:OPENGL32.dll (00007FF8F92A0000), size: 1200128 (result: 0), SymType: '-exported-', PDB: 'C:\WINDOWS\SYSTEM32\OPENGL32.dll', fileVersion: 10.0.19041.1081
C:\WINDOWS\SYSTEM32\IPHLPAPI.DLL:IPHLPAPI.DLL (00007FF9A7280000), size: 241664 (result: 0), SymType: '-exported-', PDB: 'C:\WINDOWS\SYSTEM32\IPHLPAPI.DLL', fileVersion: 10.0.19041.546
C:\WINDOWS\SYSTEM32\MSVCP140.dll:MSVCP140.dll (00007FF980120000), size: 577536 (result: 0), SymType: '-exported-', PDB: 'C:\WINDOWS\SYSTEM32\MSVCP140.dll', fileVersion: 14.28.29913.0
C:\WINDOWS\SYSTEM32\VCRUNTIME140.dll:VCRUNTIME140.dll (00007FF980200000), size: 106496 (result: 0), SymType: '-exported-', PDB: 'C:\WINDOWS\SYSTEM32\VCRUNTIME140.dll', fileVersion: 14.28.29913.0
C:\WINDOWS\SYSTEM32\WINHTTP.dll:WINHTTP.dll (00007FF999E10000), size: 1081344 (result: 0), SymType: '-exported-', PDB: 'C:\WINDOWS\SYSTEM32\WINHTTP.dll', fileVersion: 10.0.19041.1151
C:\WINDOWS\SYSTEM32\HID.DLL:HID.DLL (00007FF9A66C0000), size: 53248 (result: 0), SymType: '-exported-', PDB: 'C:\WINDOWS\SYSTEM32\HID.DLL', fileVersion: 10.0.19041.546
C:\WINDOWS\SYSTEM32\dwmapi.dll:dwmapi.dll (00007FF9A5970000), size: 192512 (result: 0), SymType: '-exported-', PDB: 'C:\WINDOWS\SYSTEM32\dwmapi.dll', fileVersion: 10.0.19041.746
C:\WINDOWS\SYSTEM32\WINMM.dll:WINMM.dll (00007FF99D930000), size: 159744 (result: 0), SymType: '-exported-', PDB: 'C:\WINDOWS\SYSTEM32\WINMM.dll', fileVersion: 10.0.19041.546
C:\Users\GolubevVlad\Desktop\Projects\2021.2.0b16\Editor\RadeonImageFilters.dll:RadeonImageFilters.dll (00007FF8F8FC0000), size: 2961408 (result: 0), SymType: '-exported-', PDB: 'C:\Users\GolubevVlad\Desktop\Projects\2021.2.0b16\Editor\RadeonImageFilters.dll', fileVersion: 1.7.0.0
C:\Users\GolubevVlad\Desktop\Projects\2021.2.0b16\Editor\SketchUpAPI.dll:SketchUpAPI.dll (00007FF8F86E0000), size: 9306112 (result: 0), SymType: '-exported-', PDB: 'C:\Users\GolubevVlad\Desktop\Projects\2021.2.0b16\Editor\SketchUpAPI.dll', fileVersion: 20.2.172.0
C:\WINDOWS\SYSTEM32\VERSION.dll:VERSION.dll (00007FF9A0830000), size: 40960 (result: 0), SymType: '-exported-', PDB: 'C:\WINDOWS\SYSTEM32\VERSION.dll', fileVersion: 10.0.19041.546
C:\WINDOWS\SYSTEM32\WSOCK32.dll:WSOCK32.dll (00007FF97F2B0000), size: 36864 (result: 0), SymType: '-exported-', PDB: 'C:\WINDOWS\SYSTEM32\WSOCK32.dll', fileVersion: 10.0.19041.1
C:\WINDOWS\SYSTEM32\VCRUNTIME140_1.dll:VCRUNTIME140_1.dll (00007FF97F070000), size: 49152 (result: 0), SymType: '-exported-', PDB: 'C:\WINDOWS\SYSTEM32\VCRUNTIME140_1.dll', fileVersion: 14.28.29913.0
C:\Users\GolubevVlad\Desktop\Projects\2021.2.0b16\Editor\SketchUpCommonPreferences.dll:SketchUpCommonPreferences.dll (00007FF9754D0000), size: 479232 (result: 0), SymType: '-exported-', PDB: 'C:\Users\GolubevVlad\Desktop\Projects\2021.2.0b16\Editor\SketchUpCommonPreferences.dll', fileVersion: 20.2.172.37
C:\Users\GolubevVlad\Desktop\Projects\2021.2.0b16\Editor\RadeonML.dll:RadeonML.dll (00007FF97A5B0000), size: 94208 (result: 0), SymType: '-exported-', PDB: 'C:\Users\GolubevVlad\Desktop\Projects\2021.2.0b16\Editor\RadeonML.dll', fileVersion: 0.9.11.0
C:\WINDOWS\SYSTEM32\Secur32.dll:Secur32.dll (00007FF99B140000), size: 49152 (result: 0), SymType: '-exported-', PDB: 'C:\WINDOWS\SYSTEM32\Secur32.dll', fileVersion: 10.0.19041.546
C:\WINDOWS\SYSTEM32\SSPICLI.DLL:SSPICLI.DLL (00007FF9A7D20000), size: 200704 (result: 0), SymType: '-exported-', PDB: 'C:\WINDOWS\SYSTEM32\SSPICLI.DLL', fileVersion: 10.0.19041.1266
C:\Users\GolubevVlad\Desktop\Projects\2021.2.0b16\Editor\OpenRL.dll:OpenRL.dll (000001F07E960000), size: 12779520 (result: 0), SymType: '-exported-', PDB: 'C:\Users\GolubevVlad\Desktop\Projects\2021.2.0b16\Editor\OpenRL.dll', fileVersion: 1.5.0.2907
C:\WINDOWS\SYSTEM32\MSVCR100.dll:MSVCR100.dll (0000000062B30000), size: 860160 (result: 0), SymType: '-exported-', PDB: 'C:\WINDOWS\SYSTEM32\MSVCR100.dll', fileVersion: 10.0.40219.473
C:\WINDOWS\SYSTEM32\MSVCP100.dll:MSVCP100.dll (0000000061430000), size: 622592 (result: 0), SymType: '-exported-', PDB: 'C:\WINDOWS\SYSTEM32\MSVCP100.dll', fileVersion: 10.0.40219.473
C:\Users\GolubevVlad\Desktop\Projects\2021.2.0b16\Editor\embree.dll:embree.dll (00007FF8F76F0000), size: 16711680 (result: 0), SymType: '-exported-', PDB: 'C:\Users\GolubevVlad\Desktop\Projects\2021.2.0b16\Editor\embree.dll', fileVersion: 2.14.0.0
C:\WINDOWS\SYSTEM32\MSWSOCK.DLL:MSWSOCK.DLL (00007FF9A75E0000), size: 434176 (result: 0), SymType: '-exported-', PDB: 'C:\WINDOWS\SYSTEM32\MSWSOCK.DLL', fileVersion: 10.0.19041.546
C:\Users\GolubevVlad\Desktop\Projects\2021.2.0b16\Editor\tbb.dll:tbb.dll (00007FF8F7680000), size: 413696 (result: 0), SymType: '-exported-', PDB: 'C:\Users\GolubevVlad\Desktop\Projects\2021.2.0b16\Editor\tbb.dll', fileVersion: 2017.0.2016.1004
C:\WINDOWS\SYSTEM32\MSVCP120.dll:MSVCP120.dll (00007FF97EB30000), size: 679936 (result: 0), SymType: '-exported-', PDB: 'C:\WINDOWS\SYSTEM32\MSVCP120.dll', fileVersion: 12.0.40664.0
C:\WINDOWS\SYSTEM32\MSVCR120.dll:MSVCR120.dll (00007FF97FF90000), size: 978944 (result: 0), SymType: '-exported-', PDB: 'C:\WINDOWS\SYSTEM32\MSVCR120.dll', fileVersion: 12.0.40664.0
C:\Users\GolubevVlad\Desktop\Projects\2021.2.0b16\Editor\OpenRL_pthread.dll:OpenRL_pthread.dll (000001F07F5B0000), size: 61440 (result: 0), SymType: '-exported-', PDB: 'C:\Users\GolubevVlad\Desktop\Projects\2021.2.0b16\Editor\OpenRL_pthread.dll', fileVersion: 2.9.0.0
C:\Users\GolubevVlad\Desktop\Projects\2021.2.0b16\Editor\tbbmalloc.dll:tbbmalloc.dll (00007FF975470000), size: 372736 (result: 0), SymType: '-exported-', PDB: 'C:\Users\GolubevVlad\Desktop\Projects\2021.2.0b16\Editor\tbbmalloc.dll', fileVersion: 2017.0.2016.1004
C:\WINDOWS\SYSTEM32\MSASN1.dll:MSASN1.dll (00007FF9A7A10000), size: 73728 (result: 0), SymType: '-exported-', PDB: 'C:\WINDOWS\SYSTEM32\MSASN1.dll', fileVersion: 10.0.19041.546
C:\WINDOWS\SYSTEM32\kernel.appcore.dll:kernel.appcore.dll (00007FF9A66D0000), size: 73728 (result: 0), SymType: '-exported-', PDB: 'C:\WINDOWS\SYSTEM32\kernel.appcore.dll', fileVersion: 10.0.19041.546
C:\WINDOWS\System32\bcryptPrimitives.dll:bcryptPrimitives.dll (00007FF9A8460000), size: 536576 (result: 0), SymType: '-exported-', PDB: 'C:\WINDOWS\System32\bcryptPrimitives.dll', fileVersion: 10.0.19041.1202
C:\WINDOWS\system32\uxtheme.dll:uxtheme.dll (00007FF9A5580000), size: 647168 (result: 0), SymType: '-exported-', PDB: 'C:\WINDOWS\system32\uxtheme.dll', fileVersion: 10.0.19041.1266
C:\WINDOWS\System32\shcore.dll:shcore.dll (00007FF9A90D0000), size: 708608 (result: 0), SymType: '-exported-', PDB: 'C:\WINDOWS\System32\shcore.dll', fileVersion: 10.0.19041.1266
C:\WINDOWS\SYSTEM32\windows.storage.dll:windows.storage.dll (00007FF9A5F30000), size: 7929856 (result: 0), SymType: '-exported-', PDB: 'C:\WINDOWS\SYSTEM32\windows.storage.dll', fileVersion: 10.0.19041.1266
C:\WINDOWS\SYSTEM32\Wldp.dll:Wldp.dll (00007FF9A7880000), size: 180224 (result: 0), SymType: '-exported-', PDB: 'C:\WINDOWS\SYSTEM32\Wldp.dll', fileVersion: 10.0.19041.662
C:\WINDOWS\SYSTEM32\profapi.dll:profapi.dll (00007FF9A7D70000), size: 126976 (result: 0), SymType: '-nosymbols-', PDB: 'C:\WINDOWS\SYSTEM32\profapi.dll', fileVersion: 10.0.19041.844
C:\WINDOWS\system32\IconCodecService.dll:IconCodecService.dll (00007FF96F420000), size: 36864 (result: 0), SymType: '-nosymbols-', PDB: 'C:\WINDOWS\system32\IconCodecService.dll', fileVersion: 10.0.19041.1
C:\WINDOWS\SYSTEM32\WindowsCodecs.dll:WindowsCodecs.dll (00007FF9A1AE0000), size: 1785856 (result: 0), SymType: '-exported-', PDB: 'C:\WINDOWS\SYSTEM32\WindowsCodecs.dll', fileVersion: 10.0.19041.1151
C:\WINDOWS\System32\clbcatq.dll:clbcatq.dll (00007FF9A9190000), size: 692224 (result: 0), SymType: '-exported-', PDB: 'C:\WINDOWS\System32\clbcatq.dll', fileVersion: 2001.12.10941.16384
C:\WINDOWS\System32\netprofm.dll:netprofm.dll (00007FF9A31E0000), size: 253952 (result: 0), SymType: '-exported-', PDB: 'C:\WINDOWS\System32\netprofm.dll', fileVersion: 10.0.19041.906
C:\WINDOWS\System32\npmproxy.dll:npmproxy.dll (00007FF99D900000), size: 65536 (result: 0), SymType: '-exported-', PDB: 'C:\WINDOWS\System32\npmproxy.dll', fileVersion: 10.0.19041.906
C:\WINDOWS\System32\NSI.dll:NSI.dll (00007FF9A8D80000), size: 32768 (result: 0), SymType: '-exported-', PDB: 'C:\WINDOWS\System32\NSI.dll', fileVersion: 10.0.19041.610
C:\WINDOWS\SYSTEM32\dhcpcsvc6.DLL:dhcpcsvc6.DLL (00007FF9A0720000), size: 94208 (result: 0), SymType: '-exported-', PDB: 'C:\WINDOWS\SYSTEM32\dhcpcsvc6.DLL', fileVersion: 10.0.19041.546
C:\WINDOWS\SYSTEM32\dhcpcsvc.DLL:dhcpcsvc.DLL (00007FF9A0700000), size: 118784 (result: 0), SymType: '-exported-', PDB: 'C:\WINDOWS\SYSTEM32\dhcpcsvc.DLL', fileVersion: 10.0.19041.546
C:\WINDOWS\SYSTEM32\DNSAPI.dll:DNSAPI.dll (00007FF9A72D0000), size: 835584 (result: 0), SymType: '-exported-', PDB: 'C:\WINDOWS\SYSTEM32\DNSAPI.dll', fileVersion: 10.0.19041.1266
C:\WINDOWS\System32\fwpuclnt.dll:fwpuclnt.dll (00007FF995DB0000), size: 520192 (result: 0), SymType: '-exported-', PDB: 'C:\WINDOWS\System32\fwpuclnt.dll', fileVersion: 10.0.19041.1266
C:\Windows\System32\rasadhlp.dll:rasadhlp.dll (00007FF99B5C0000), size: 40960 (result: 0), SymType: '-exported-', PDB: 'C:\Windows\System32\rasadhlp.dll', fileVersion: 10.0.19041.546
C:\Users\GolubevVlad\Desktop\Projects\2021.2.0b16\Editor\NVUnityPlugin.DLL:NVUnityPlugin.DLL (00007FF8F7270000), size: 1523712 (result: 0), SymType: '-exported-', PDB: 'C:\Users\GolubevVlad\Desktop\Projects\2021.2.0b16\Editor\NVUnityPlugin.DLL'
C:\WINDOWS\SYSTEM32\vulkan-1.dll:vulkan-1.dll (00007FF8F7150000), size: 1126400 (result: 0), SymType: '-exported-', PDB: 'C:\WINDOWS\SYSTEM32\vulkan-1.dll', fileVersion: 1.2.182.0
C:\WINDOWS\system32\dxgi.dll:dxgi.dll (00007FF9A6720000), size: 999424 (result: 0), SymType: '-exported-', PDB: 'C:\WINDOWS\system32\dxgi.dll', fileVersion: 10.0.19041.1266
C:\Users\GolubevVlad\Desktop\Projects\2021.2.0b16\Editor\Data\Tools\astcenc-avx2.dll:astcenc-avx2.dll (00007FF8F70C0000), size: 561152 (result: 0), SymType: '-exported-', PDB: 'C:\Users\GolubevVlad\Desktop\Projects\2021.2.0b16\Editor\Data\Tools\astcenc-avx2.dll'
C:\WINDOWS\SYSTEM32\d3d11.dll:d3d11.dll (00007FF9A3E40000), size: 2506752 (result: 0), SymType: '-exported-', PDB: 'C:\WINDOWS\SYSTEM32\d3d11.dll', fileVersion: 10.0.19041.1202
C:\WINDOWS\System32\DriverStore\FileRepository\nv_dispi.inf_amd64_5292bbfbf575e2d2\nvldumdx.dll:nvldumdx.dll (00007FF99E720000), size: 1073152 (result: 0), SymType: '-exported-', PDB: 'C:\WINDOWS\System32\DriverStore\FileRepository\nv_dispi.inf_amd64_5292bbfbf575e2d2\nvldumdx.dll', fileVersion: 30.0.14.9613
C:\WINDOWS\SYSTEM32\cryptnet.dll:cryptnet.dll (00007FF99E5E0000), size: 200704 (result: 0), SymType: '-exported-', PDB: 'C:\WINDOWS\SYSTEM32\cryptnet.dll', fileVersion: 10.0.19041.906
C:\WINDOWS\SYSTEM32\drvstore.dll:drvstore.dll (00007FF99E460000), size: 1351680 (result: 0), SymType: '-exported-', PDB: 'C:\WINDOWS\SYSTEM32\drvstore.dll', fileVersion: 10.0.19041.1081
C:\WINDOWS\SYSTEM32\devobj.dll:devobj.dll (00007FF9A7BD0000), size: 212992 (result: 0), SymType: '-exported-', PDB: 'C:\WINDOWS\SYSTEM32\devobj.dll', fileVersion: 10.0.19041.1151
C:\WINDOWS\SYSTEM32\cryptbase.dll:cryptbase.dll (00007FF9A77F0000), size: 49152 (result: 0), SymType: '-exported-', PDB: 'C:\WINDOWS\SYSTEM32\cryptbase.dll', fileVersion: 10.0.19041.546
C:\WINDOWS\System32\imagehlp.dll:imagehlp.dll (00007FF9A93B0000), size: 118784 (result: 0), SymType: '-exported-', PDB: 'C:\WINDOWS\System32\imagehlp.dll', fileVersion: 10.0.19041.546
C:\WINDOWS\SYSTEM32\CRYPTSP.dll:CRYPTSP.dll (00007FF9A77D0000), size: 98304 (result: 0), SymType: '-exported-', PDB: 'C:\WINDOWS\SYSTEM32\CRYPTSP.dll', fileVersion: 10.0.19041.546
C:\WINDOWS\system32\rsaenh.dll:rsaenh.dll (00007FF9A6EF0000), size: 212992 (result: 0), SymType: '-exported-', PDB: 'C:\WINDOWS\system32\rsaenh.dll', fileVersion: 10.0.19041.1052
C:\WINDOWS\System32\DriverStore\FileRepository\nv_dispi.inf_amd64_5292bbfbf575e2d2\nvwgf2umx.dll:nvwgf2umx.dll (00007FF95FCA0000), size: 43159552 (result: 0), SymType: '-exported-', PDB: 'C:\WINDOWS\System32\DriverStore\FileRepository\nv_dispi.inf_amd64_5292bbfbf575e2d2\nvwgf2umx.dll', fileVersion: 30.0.14.9613
C:\WINDOWS\system32\nvspcap64.dll:nvspcap64.dll (00007FF951800000), size: 2895872 (result: 0), SymType: '-exported-', PDB: 'C:\WINDOWS\system32\nvspcap64.dll', fileVersion: 3.23.0.74
C:\WINDOWS\SYSTEM32\ntmarta.dll:ntmarta.dll (00007FF9A6B20000), size: 208896 (result: 0), SymType: '-exported-', PDB: 'C:\WINDOWS\SYSTEM32\ntmarta.dll', fileVersion: 10.0.19041.546
C:\WINDOWS\SYSTEM32\dxcore.dll:dxcore.dll (00007FF99EB60000), size: 241664 (result: 0), SymType: '-exported-', PDB: 'C:\WINDOWS\SYSTEM32\dxcore.dll', fileVersion: 10.0.19041.546
C:\WINDOWS\system32\wbem\wbemprox.dll:wbemprox.dll (00007FF995AC0000), size: 69632 (result: 0), SymType: '-exported-', PDB: 'C:\WINDOWS\system32\wbem\wbemprox.dll', fileVersion: 10.0.19041.1081
C:\WINDOWS\SYSTEM32\wbemcomn.dll:wbemcomn.dll (00007FF995A20000), size: 598016 (result: 0), SymType: '-exported-', PDB: 'C:\WINDOWS\SYSTEM32\wbemcomn.dll', fileVersion: 10.0.19041.1081
C:\WINDOWS\system32\wbem\wbemsvc.dll:wbemsvc.dll (00007FF995780000), size: 81920 (result: 0), SymType: '-exported-', PDB: 'C:\WINDOWS\system32\wbem\wbemsvc.dll', fileVersion: 10.0.19041.1081
C:\WINDOWS\system32\wbem\fastprox.dll:fastprox.dll (00007FF9926D0000), size: 1093632 (result: 0), SymType: '-exported-', PDB: 'C:\WINDOWS\system32\wbem\fastprox.dll', fileVersion: 10.0.19041.546
C:\WINDOWS\SYSTEM32\amsi.dll:amsi.dll (00007FF985540000), size: 102400 (result: 0), SymType: '-exported-', PDB: 'C:\WINDOWS\SYSTEM32\amsi.dll', fileVersion: 10.0.19041.746
C:\WINDOWS\SYSTEM32\USERENV.dll:USERENV.dll (00007FF9A7CF0000), size: 188416 (result: 0), SymType: '-exported-', PDB: 'C:\WINDOWS\SYSTEM32\USERENV.dll', fileVersion: 10.0.19041.572
C:\Program Files\ESET\ESET Security\eamsi.dll:eamsi.dll (00007FF9854C0000), size: 241664 (result: 0), SymType: '-exported-', PDB: 'C:\Program Files\ESET\ESET Security\eamsi.dll', fileVersion: 10.16.43.0
C:\Users\GolubevVlad\Desktop\Projects\2021.2.0b16\Editor\cudart64_90.dll:cudart64_90.dll (00007FF8F0050000), size: 397312 (result: 0), SymType: '-exported-', PDB: 'C:\Users\GolubevVlad\Desktop\Projects\2021.2.0b16\Editor\cudart64_90.dll', fileVersion: 6.14.11.9000
C:\WINDOWS\SYSTEM32\opencl.dll:opencl.dll (00007FF8EFEE0000), size: 1474560 (result: 0), SymType: '-exported-', PDB: 'C:\WINDOWS\SYSTEM32\opencl.dll', fileVersion: 3.0.1.0
C:\Users\GolubevVlad\Desktop\Projects\2021.2.0b16\Editor\radeonrays.dll:radeonrays.dll (00007FF8EFE50000), size: 557056 (result: 0), SymType: '-exported-', PDB: 'C:\Users\GolubevVlad\Desktop\Projects\2021.2.0b16\Editor\radeonrays.dll'
C:\Users\GolubevVlad\Desktop\Projects\2021.2.0b16\Editor\Data\MonoBleedingEdge\EmbedRuntime\mono-2.0-bdwgc.dll:mono-2.0-bdwgc.dll (00007FF8EF450000), size: 10469376 (result: 0), SymType: 'PDB', PDB: 'C:\Users\GolubevVlad\Desktop\Projects\2021.2.0b16\Editor\mono-2.0-bdwgc.pdb'
C:\Users\GolubevVlad\Desktop\Projects\Roguelike Preview\Library\PackageCache\com.unity.burst@1.6.0\.Runtime\burst-llvm-11.dll:burst-llvm-11.dll (00007FF8F1720000), size: 38744064 (result: 0), SymType: '-exported-', PDB: 'C:\Users\GolubevVlad\Desktop\Projects\Roguelike Preview\Library\PackageCache\com.unity.burst@1.6.0\.Runtime\burst-llvm-11.dll'
C:\WINDOWS\SYSTEM32\PROPSYS.dll:PROPSYS.dll (00007FF9A35C0000), size: 1007616 (result: 0), SymType: '-exported-', PDB: 'C:\WINDOWS\SYSTEM32\PROPSYS.dll', fileVersion: 7.0.19041.1023
C:\WINDOWS\WinSxS\amd64_microsoft.windows.common-controls_6595b64144ccf1df_6.0.19041.1110_none_60b5254171f9507e\comctl32.dll:comctl32.dll (00007FF999610000), size: 2727936 (result: 0), SymType: '-exported-', PDB: 'C:\WINDOWS\WinSxS\amd64_microsoft.windows.common-controls_6595b64144ccf1df_6.0.19041.1110_none_60b5254171f9507e\comctl32.dll', fileVersion: 6.10.19041.1110
C:\Windows\System32\thumbcache.dll:thumbcache.dll (00007FF96C940000), size: 417792 (result: 0), SymType: '-exported-', PDB: 'C:\Windows\System32\thumbcache.dll', fileVersion: 10.0.19041.1151
C:\WINDOWS\SYSTEM32\policymanager.dll:policymanager.dll (00007FF9A1CA0000), size: 655360 (result: 0), SymType: '-exported-', PDB: 'C:\WINDOWS\SYSTEM32\policymanager.dll', fileVersion: 10.0.19041.1266
C:\WINDOWS\SYSTEM32\msvcp110_win.dll:msvcp110_win.dll (00007FF9A6F80000), size: 565248 (result: 0), SymType: '-exported-', PDB: 'C:\WINDOWS\SYSTEM32\msvcp110_win.dll', fileVersion: 10.0.19041.546
C:\WINDOWS\SYSTEM32\dbghelp.dll:dbghelp.dll (00007FF9A5D20000), size: 1982464 (result: 0), SymType: '-exported-', PDB: 'C:\WINDOWS\SYSTEM32\dbghelp.dll', fileVersion: 10.0.19041.867
  ERROR: SymGetSymFromAddr64, GetLastError: '   .' (Address: 000001F2511408C6)
  ERROR: SymGetModuleInfo64, GetLastError: '        (DLL).' (Address: 000001F2511408C6)
0x000001F2511408C6 ((<unknown>)) (function-name not available)
0x000001F25F3223FB (Mono JIT Code) System.Collections.ObjectModel.ReadOnlyCollection`1<T_REF>:GetEnumerator ()
0x000001F25F3370C3 (Mono JIT Code) [C:\Users\GolubevVlad\Desktop\Projects\Roguelike Preview\Library\PackageCache\com.unity.render-pipelines.core@12.1.0\Runtime\Volume\VolumeComponent.cs:187] UnityEngine.Rendering.VolumeComponent:OnDisable () 
0x000001F25F31F898 (Mono JIT Code) (wrapper runtime-invoke) object:runtime_invoke_void__this__ (object,intptr,intptr,intptr)
0x00007FF8EF6CE9C0 (mono-2.0-bdwgc) [C:\build\output\Unity-Technologies\mono\mono\mini\mini-runtime.c:3445] mono_jit_runtime_invoke 
0x00007FF8EF60EE04 (mono-2.0-bdwgc) [C:\build\output\Unity-Technologies\mono\mono\metadata\object.c:3064] do_runtime_invoke 
0x00007FF8EF60EF9C (mono-2.0-bdwgc) [C:\build\output\Unity-Technologies\mono\mono\metadata\object.c:3111] mono_runtime_invoke 
0x00007FF6470786B4 (Unity) scripting_method_invoke
0x00007FF647073354 (Unity) ScriptingInvocation::Invoke
0x00007FF64707343E (Unity) ScriptingInvocation::InvokeChecked
0x00007FF6470EC806 (Unity) SerializableManagedRef::CallMethod
0x00007FF647052176 (Unity) MonoBehaviour::WillUnloadScriptableObject
0x00007FF64704A27D (Unity) MonoManager::RemoveBehavioursFromManager
0x00007FF647040305 (Unity) MonoManager::BeginReloadAssembly
0x00007FF647049F77 (Unity) MonoManager::ReloadAssembly
0x00007FF647F57472 (Unity) LoadDomainAndUserAssemblies
0x00007FF647F5784C (Unity) LoadUserAssemblies
0x00007FF6483E5178 (Unity) <lambda_51ee465229d2ba1d09dac25aa76052e0>::operator()
0x00007FF64847AB02 (Unity) asio::detail::completion_handler<core::mutable_function<void __cdecl(void)> >::do_complete
0x00007FF64847CD8D (Unity) asio::detail::win_iocp_io_service::do_one
0x00007FF6484801AE (Unity) asio::io_service::run
0x00007FF648478FA1 (Unity) IOService::Run
0x00007FF648412348 (Unity) RunAssetImportWorkerClientV2
0x00007FF64841241B (Unity) RunAssetImporterV2
0x00007FF647C5FDBF (Unity) Application::InitializeProject
0x00007FF6480A6CD8 (Unity) WinMain
0x00007FF6493ABC52 (Unity) __scrt_common_main_seh
0x00007FF9A9297034 (KERNEL32) BaseThreadInitThunk
0x00007FF9AA762651 (ntdll) RtlUserThreadStart

========== END OF STACKTRACE ===========

A crash has been intercepted by the crash handler. For call stack and other details, see the latest crash report generated in:
 * C:/Users/GOLUBE~1/AppData/Local/Temp/Unity/Editor/Crashes
